[ 2014-05-16T09:02:21+08:00 ] 127.0.0.1 /wzd/index.php/answers/add
INFO: [ app_begin ] --START--
INFO: ReadHtmlCache Behavior ::run [ RunTime:0.000559s ]
INFO: [ app_begin ] --END-- [ RunTime:0.000620s ]
NOTIC: [8] date_default_timezone_set() [<a href='function.date-default-timezone-set'>function.date-default-timezone-set</a>]: Timezone ID 'RPC' is invalid E:\lamp\apache\htdocs\wzd\Wzd\Lib\Action\CommonAction.class.php 第 77 行.
SQL: SHOW COLUMNS FROM `wzd_answers` [ RunTime:0.003414s ]
SQL: INSERT INTO `wzd_answers` (`content`,`uid`,`ask_id`,`createtime`,`anonymous`) VALUES ('erf',1,24,'2014-05-16 09:02:21',0) [ RunTime:0.001559s ]
SQL: SHOW COLUMNS FROM `wzd_user` [ RunTime:0.003577s ]
SQL: UPDATE `wzd_user` SET `answers`=answers+1 WHERE ( id="1" ) [ RunTime:0.001062s ]
SQL: SHOW COLUMNS FROM `wzd_asks` [ RunTime:0.003117s ]
SQL: UPDATE `wzd_asks` SET `replys`=replys+1 WHERE ( id="24" ) [ RunTime:0.001215s ]

[ 2014-05-16T09:08:35+08:00 ] 127.0.0.1 /wzd/index.php/answers/evaluate
INFO: [ app_begin ] --START--
INFO: ReadHtmlCache Behavior ::run [ RunTime:0.000938s ]
INFO: [ app_begin ] --END-- [ RunTime:0.001089s ]
SQL: SHOW COLUMNS FROM `wzd_answers` [ RunTime:0.003340s ]
SQL: UPDATE `wzd_answers` SET `praise`=praise+1 WHERE ( id="13" ) [ RunTime:0.001703s ]
SQL: SHOW COLUMNS FROM `wzd_user` [ RunTime:0.003556s ]
SQL: UPDATE `wzd_user` SET `praise`=praise+1 WHERE ( id="1" ) [ RunTime:0.001140s ]

[ 2014-05-16T09:08:42+08:00 ] 127.0.0.1 /wzd/index.php/answers/evaluate
INFO: [ app_begin ] --START--
INFO: ReadHtmlCache Behavior ::run [ RunTime:0.000606s ]
INFO: [ app_begin ] --END-- [ RunTime:0.000676s ]
SQL: SHOW COLUMNS FROM `wzd_answers` [ RunTime:0.003410s ]
SQL: UPDATE `wzd_answers` SET `hate`=hate+1 WHERE ( id="13" ) [ RunTime:0.001644s ]
SQL: SHOW COLUMNS FROM `wzd_user` [ RunTime:0.003755s ]
SQL: UPDATE `wzd_user` SET `hate`=hate+1 WHERE ( id="1" ) [ RunTime:0.001503s ]

[ 2014-05-16T09:13:02+08:00 ] 127.0.0.1 /wzd/index.php/answers/evaluate
INFO: [ app_begin ] --START--
INFO: ReadHtmlCache Behavior ::run [ RunTime:0.000569s ]
INFO: [ app_begin ] --END-- [ RunTime:0.000638s ]
SQL: SHOW COLUMNS FROM `wzd_answers` [ RunTime:0.003315s ]
SQL: UPDATE `wzd_answers` SET `useless`=useless+1 WHERE ( id="13" ) [ RunTime:0.001820s ]
SQL: SHOW COLUMNS FROM `wzd_user` [ RunTime:0.003668s ]
NOTIC: [8] Undefined variable: set E:\lamp\apache\htdocs\wzd\ThinkPHP\Lib\Core\Db.class.php 第 293 行.
NOTIC: [2] implode() [<a href='function.implode'>function.implode</a>]: Invalid arguments passed E:\lamp\apache\htdocs\wzd\ThinkPHP\Lib\Core\Db.class.php 第 293 行.
SQL: UPDATE `wzd_user` SET  WHERE ( id="1" ) [ RunTime:0.030915s ]
ERR: 1064:You have an error in your SQL syntax; check the manual that corresponds to your MySQL server version for the right syntax to use near 'WHERE ( id="1" )' at line 1
 [ SQL语句 ] : UPDATE `wzd_user` SET  WHERE ( id="1" )

[ 2014-05-16T09:44:09+08:00 ] 127.0.0.1 /wzd/index.php/number/index
ERR: Model:relation您所请求的方法不存在！

[ 2014-05-16T15:59:31+08:00 ] 127.0.0.1 /wzd/index.php/favorite/add
INFO: [ app_begin ] --START--
INFO: ReadHtmlCache Behavior ::run [ RunTime:0.000607s ]
INFO: [ app_begin ] --END-- [ RunTime:0.000680s ]

[ 2014-05-16T16:00:13+08:00 ] 127.0.0.1 /wzd/index.php/favorite/add
INFO: [ app_begin ] --START--
INFO: ReadHtmlCache Behavior ::run [ RunTime:0.000531s ]
INFO: [ app_begin ] --END-- [ RunTime:0.000593s ]

[ 2014-05-16T17:08:25+08:00 ] 127.0.0.1 /wzd/index.php/favorite/add
INFO: [ app_begin ] --START--
INFO: ReadHtmlCache Behavior ::run [ RunTime:0.000611s ]
INFO: [ app_begin ] --END-- [ RunTime:0.000683s ]
SQL: SHOW COLUMNS FROM `wzd_favorite` [ RunTime:0.003445s ]
SQL: SHOW COLUMNS FROM `wzd_favotite_answer` [ RunTime:0.002652s ]
ERR: 1146:Table 'wzd2.wzd_favotite_answer' doesn't exist
 [ SQL语句 ] : SHOW COLUMNS FROM `wzd_favotite_answer`
SQL: SELECT * FROM `wzd_favorite` WHERE ( uid="Array" and fid="1" ) LIMIT 1   [ RunTime:0.000378s ]

[ 2014-05-16T17:09:51+08:00 ] 127.0.0.1 /wzd/index.php/favorite/add
INFO: [ app_begin ] --START--
INFO: ReadHtmlCache Behavior ::run [ RunTime:0.000513s ]
INFO: [ app_begin ] --END-- [ RunTime:0.000573s ]
SQL: SHOW COLUMNS FROM `wzd_favorite` [ RunTime:0.003070s ]
SQL: SHOW COLUMNS FROM `wzd_favotite_answer` [ RunTime:0.003065s ]
ERR: 1146:Table 'wzd2.wzd_favotite_answer' doesn't exist
 [ SQL语句 ] : SHOW COLUMNS FROM `wzd_favotite_answer`
SQL: SELECT * FROM `wzd_favorite` WHERE ( uid="Array" and fid="1" ) LIMIT 1   [ RunTime:0.000418s ]

[ 2014-05-16T17:10:07+08:00 ] 127.0.0.1 /wzd/index.php/favorite/add
INFO: [ app_begin ] --START--
INFO: ReadHtmlCache Behavior ::run [ RunTime:0.000513s ]
INFO: [ app_begin ] --END-- [ RunTime:0.000576s ]
SQL: SHOW COLUMNS FROM `wzd_favorite` [ RunTime:0.002980s ]
SQL: SHOW COLUMNS FROM `wzd_favotite_answer` [ RunTime:0.003003s ]
ERR: 1146:Table 'wzd2.wzd_favotite_answer' doesn't exist
 [ SQL语句 ] : SHOW COLUMNS FROM `wzd_favotite_answer`
SQL: SELECT * FROM `wzd_favorite` WHERE ( uid="1" and fid="1" ) LIMIT 1   [ RunTime:0.000683s ]
SQL: SELECT * FROM `wzd_favorite` WHERE ( uid="1" and fid="2" ) LIMIT 1   [ RunTime:0.000267s ]
SQL: SELECT * FROM `wzd_favotite_answer` WHERE ( fid="1" and answer_id="13" ) LIMIT 1   [ RunTime:0.000441s ]
ERR: 1146:Table 'wzd2.wzd_favotite_answer' doesn't exist
 [ SQL语句 ] : SELECT * FROM `wzd_favotite_answer` WHERE ( fid="1" and answer_id="13" ) LIMIT 1  
SQL: INSERT INTO `wzd_favotite_answer` (`answer_id`,`fid`) VALUES ('13','1') [ RunTime:0.000337s ]
ERR: 1146:Table 'wzd2.wzd_favotite_answer' doesn't exist
 [ SQL语句 ] : INSERT INTO `wzd_favotite_answer` (`answer_id`,`fid`) VALUES ('13','1')
SQL: SELECT * FROM `wzd_favotite_answer` WHERE ( fid="2" and answer_id="13" ) LIMIT 1   [ RunTime:0.000294s ]
ERR: 1146:Table 'wzd2.wzd_favotite_answer' doesn't exist
 [ SQL语句 ] : SELECT * FROM `wzd_favotite_answer` WHERE ( fid="2" and answer_id="13" ) LIMIT 1  
SQL: INSERT INTO `wzd_favotite_answer` (`answer_id`,`fid`) VALUES ('13','2') [ RunTime:0.000289s ]
ERR: 1146:Table 'wzd2.wzd_favotite_answer' doesn't exist
 [ SQL语句 ] : INSERT INTO `wzd_favotite_answer` (`answer_id`,`fid`) VALUES ('13','2')

[ 2014-05-16T17:11:15+08:00 ] 127.0.0.1 /wzd/index.php/favorite/add
INFO: [ app_begin ] --START--
INFO: ReadHtmlCache Behavior ::run [ RunTime:0.001599s ]
INFO: [ app_begin ] --END-- [ RunTime:0.001676s ]
SQL: SHOW COLUMNS FROM `wzd_favorite` [ RunTime:0.002779s ]
SQL: SHOW COLUMNS FROM `wzd_favotite_answer` [ RunTime:0.002987s ]
ERR: 1146:Table 'wzd2.wzd_favotite_answer' doesn't exist
 [ SQL语句 ] : SHOW COLUMNS FROM `wzd_favotite_answer`
SQL: SELECT * FROM `wzd_favorite` WHERE ( uid="1" and fid="1" ) LIMIT 1   [ RunTime:0.000503s ]
SQL: SELECT * FROM `wzd_favorite` WHERE ( uid="1" and fid="2" ) LIMIT 1   [ RunTime:0.000177s ]
SQL: SELECT * FROM `wzd_favotite_answer` WHERE ( fid="1" and answer_id="13" ) LIMIT 1   [ RunTime:0.000353s ]
ERR: 1146:Table 'wzd2.wzd_favotite_answer' doesn't exist
 [ SQL语句 ] : SELECT * FROM `wzd_favotite_answer` WHERE ( fid="1" and answer_id="13" ) LIMIT 1  
SQL: INSERT INTO `wzd_favotite_answer` (`answer_id`,`fid`) VALUES ('13','1') [ RunTime:0.000294s ]
ERR: 1146:Table 'wzd2.wzd_favotite_answer' doesn't exist
 [ SQL语句 ] : INSERT INTO `wzd_favotite_answer` (`answer_id`,`fid`) VALUES ('13','1')
SQL: SELECT * FROM `wzd_favotite_answer` WHERE ( fid="2" and answer_id="13" ) LIMIT 1   [ RunTime:0.000276s ]
ERR: 1146:Table 'wzd2.wzd_favotite_answer' doesn't exist
 [ SQL语句 ] : SELECT * FROM `wzd_favotite_answer` WHERE ( fid="2" and answer_id="13" ) LIMIT 1  
SQL: INSERT INTO `wzd_favotite_answer` (`answer_id`,`fid`) VALUES ('13','2') [ RunTime:0.000271s ]
ERR: 1146:Table 'wzd2.wzd_favotite_answer' doesn't exist
 [ SQL语句 ] : INSERT INTO `wzd_favotite_answer` (`answer_id`,`fid`) VALUES ('13','2')

[ 2014-05-16T17:17:49+08:00 ] 127.0.0.1 /wzd/index.php/favorite/add
INFO: [ app_begin ] --START--
INFO: ReadHtmlCache Behavior ::run [ RunTime:0.001530s ]
INFO: [ app_begin ] --END-- [ RunTime:0.001597s ]
SQL: SHOW COLUMNS FROM `wzd_favorite` [ RunTime:0.002783s ]
SQL: SHOW COLUMNS FROM `wzd_favotite_answer` [ RunTime:0.003141s ]
ERR: 1146:Table 'wzd2.wzd_favotite_answer' doesn't exist
 [ SQL语句 ] : SHOW COLUMNS FROM `wzd_favotite_answer`
SQL: SELECT * FROM `wzd_favorite` WHERE ( uid="1" and fid="1" ) LIMIT 1   [ RunTime:0.000437s ]
SQL: SELECT * FROM `wzd_favorite` WHERE ( uid="1" and fid="2" ) LIMIT 1   [ RunTime:0.000195s ]
SQL: SELECT * FROM `wzd_favotite_answer` WHERE ( fid="1" and answer_id="13" ) LIMIT 1   [ RunTime:0.000360s ]
ERR: 1146:Table 'wzd2.wzd_favotite_answer' doesn't exist
 [ SQL语句 ] : SELECT * FROM `wzd_favotite_answer` WHERE ( fid="1" and answer_id="13" ) LIMIT 1  
SQL: INSERT INTO `wzd_favotite_answer` (`answer_id`,`fid`) VALUES ('13','1') [ RunTime:0.000339s ]
ERR: 1146:Table 'wzd2.wzd_favotite_answer' doesn't exist
 [ SQL语句 ] : INSERT INTO `wzd_favotite_answer` (`answer_id`,`fid`) VALUES ('13','1')
SQL: SELECT * FROM `wzd_favotite_answer` WHERE ( fid="2" and answer_id="13" ) LIMIT 1   [ RunTime:0.000331s ]
ERR: 1146:Table 'wzd2.wzd_favotite_answer' doesn't exist
 [ SQL语句 ] : SELECT * FROM `wzd_favotite_answer` WHERE ( fid="2" and answer_id="13" ) LIMIT 1  
SQL: INSERT INTO `wzd_favotite_answer` (`answer_id`,`fid`) VALUES ('13','2') [ RunTime:0.000331s ]
ERR: 1146:Table 'wzd2.wzd_favotite_answer' doesn't exist
 [ SQL语句 ] : INSERT INTO `wzd_favotite_answer` (`answer_id`,`fid`) VALUES ('13','2')

[ 2014-05-16T17:18:09+08:00 ] 127.0.0.1 /wzd/index.php/favorite/add
INFO: [ app_begin ] --START--
INFO: ReadHtmlCache Behavior ::run [ RunTime:0.000507s ]
INFO: [ app_begin ] --END-- [ RunTime:0.000569s ]
SQL: SHOW COLUMNS FROM `wzd_favorite` [ RunTime:0.002761s ]
SQL: SHOW COLUMNS FROM `wzd_favotite_answer` [ RunTime:0.003350s ]
ERR: 1146:Table 'wzd2.wzd_favotite_answer' doesn't exist
 [ SQL语句 ] : SHOW COLUMNS FROM `wzd_favotite_answer`
SQL: SELECT * FROM `wzd_favorite` WHERE ( uid="1" and fid="1" ) LIMIT 1   [ RunTime:0.000577s ]
SQL: SELECT * FROM `wzd_favorite` WHERE ( uid="1" and fid="2" ) LIMIT 1   [ RunTime:0.000207s ]
SQL: SELECT * FROM `wzd_favotite_answer` WHERE ( fid="1" and answer_id="13" ) LIMIT 1   [ RunTime:0.000346s ]
ERR: 1146:Table 'wzd2.wzd_favotite_answer' doesn't exist
 [ SQL语句 ] : SELECT * FROM `wzd_favotite_answer` WHERE ( fid="1" and answer_id="13" ) LIMIT 1  
SQL: INSERT INTO `wzd_favotite_answer` (`answer_id`,`fid`) VALUES ('13','1') [ RunTime:0.000348s ]
ERR: 1146:Table 'wzd2.wzd_favotite_answer' doesn't exist
 [ SQL语句 ] : INSERT INTO `wzd_favotite_answer` (`answer_id`,`fid`) VALUES ('13','1')
SQL: SELECT * FROM `wzd_favotite_answer` WHERE ( fid="2" and answer_id="13" ) LIMIT 1   [ RunTime:0.000386s ]
ERR: 1146:Table 'wzd2.wzd_favotite_answer' doesn't exist
 [ SQL语句 ] : SELECT * FROM `wzd_favotite_answer` WHERE ( fid="2" and answer_id="13" ) LIMIT 1  
SQL: INSERT INTO `wzd_favotite_answer` (`answer_id`,`fid`) VALUES ('13','2') [ RunTime:0.000371s ]
ERR: 1146:Table 'wzd2.wzd_favotite_answer' doesn't exist
 [ SQL语句 ] : INSERT INTO `wzd_favotite_answer` (`answer_id`,`fid`) VALUES ('13','2')

[ 2014-05-16T17:18:25+08:00 ] 127.0.0.1 /wzd/index.php/favorite/add
INFO: [ app_begin ] --START--
INFO: ReadHtmlCache Behavior ::run [ RunTime:0.000772s ]
INFO: [ app_begin ] --END-- [ RunTime:0.000866s ]
SQL: SHOW COLUMNS FROM `wzd_favorite` [ RunTime:0.003046s ]
SQL: SHOW COLUMNS FROM `wzd_favorite_answer` [ RunTime:0.003225s ]
SQL: SELECT * FROM `wzd_favorite` WHERE ( uid="1" and fid="1" ) LIMIT 1   [ RunTime:0.000322s ]
SQL: SELECT * FROM `wzd_favorite` WHERE ( uid="1" and fid="2" ) LIMIT 1   [ RunTime:0.000185s ]
SQL: SELECT * FROM `wzd_favorite_answer` WHERE ( fid="1" and answer_id="13" ) LIMIT 1   [ RunTime:0.000196s ]
SQL: INSERT INTO `wzd_favorite_answer` (`answer_id`,`fid`) VALUES (13,1) [ RunTime:0.001405s ]
SQL: SELECT * FROM `wzd_favorite_answer` WHERE ( fid="2" and answer_id="13" ) LIMIT 1   [ RunTime:0.000267s ]
SQL: INSERT INTO `wzd_favorite_answer` (`answer_id`,`fid`) VALUES (13,2) [ RunTime:0.001088s ]

[ 2014-05-16T17:19:47+08:00 ] 127.0.0.1 /wzd/index.php/favorite/add
INFO: [ app_begin ] --START--
INFO: ReadHtmlCache Behavior ::run [ RunTime:0.000543s ]
INFO: [ app_begin ] --END-- [ RunTime:0.000635s ]
SQL: SHOW COLUMNS FROM `wzd_favorite` [ RunTime:0.003421s ]
SQL: SHOW COLUMNS FROM `wzd_favorite_answer` [ RunTime:0.003322s ]
SQL: SELECT * FROM `wzd_favorite` WHERE ( uid="1" and fid="2" ) LIMIT 1   [ RunTime:0.000523s ]
SQL: SELECT * FROM `wzd_favorite_answer` WHERE ( fid="2" and answer_id="13" ) LIMIT 1   [ RunTime:0.000236s ]

[ 2014-05-16T17:20:02+08:00 ] 127.0.0.1 /wzd/index.php/favorite/add
INFO: [ app_begin ] --START--
INFO: ReadHtmlCache Behavior ::run [ RunTime:0.000545s ]
INFO: [ app_begin ] --END-- [ RunTime:0.000610s ]
SQL: SHOW COLUMNS FROM `wzd_favorite` [ RunTime:0.002878s ]
SQL: SHOW COLUMNS FROM `wzd_favorite_answer` [ RunTime:0.003760s ]
SQL: SELECT * FROM `wzd_favorite` WHERE ( uid="1" and fid="2" ) LIMIT 1   [ RunTime:0.000715s ]
SQL: SELECT * FROM `wzd_favorite_answer` WHERE ( fid="2" and answer_id="13" ) LIMIT 1   [ RunTime:0.000226s ]
SQL: INSERT INTO `wzd_favorite_answer` (`answer_id`,`fid`) VALUES (13,2) [ RunTime:0.005729s ]

[ 2014-05-16T17:21:06+08:00 ] 127.0.0.1 /wzd/index.php/favorite/add
INFO: [ app_begin ] --START--
INFO: ReadHtmlCache Behavior ::run [ RunTime:0.001584s ]
INFO: [ app_begin ] --END-- [ RunTime:0.001763s ]
SQL: SHOW COLUMNS FROM `wzd_favorite` [ RunTime:0.002801s ]
SQL: SHOW COLUMNS FROM `wzd_favorite_answer` [ RunTime:0.003456s ]
SQL: SELECT * FROM `wzd_favorite` WHERE ( uid="1" and fid="2" ) LIMIT 1   [ RunTime:0.000740s ]
SQL: SELECT * FROM `wzd_favorite_answer` WHERE ( fid="2" and answer_id="13" ) LIMIT 1   [ RunTime:0.000212s ]
SQL: INSERT INTO `wzd_favorite_answer` (`answer_id`,`fid`) VALUES (13,2) [ RunTime:0.029976s ]

[ 2014-05-16T17:21:12+08:00 ] 127.0.0.1 /wzd/index.php/favorite/add
INFO: [ app_begin ] --START--
INFO: ReadHtmlCache Behavior ::run [ RunTime:0.000556s ]
INFO: [ app_begin ] --END-- [ RunTime:0.000618s ]
SQL: SHOW COLUMNS FROM `wzd_favorite` [ RunTime:0.002787s ]
SQL: SHOW COLUMNS FROM `wzd_favorite_answer` [ RunTime:0.003812s ]
SQL: SELECT * FROM `wzd_favorite` WHERE ( uid="1" and fid="1" ) LIMIT 1   [ RunTime:0.001628s ]
SQL: SELECT * FROM `wzd_favorite` WHERE ( uid="1" and fid="2" ) LIMIT 1   [ RunTime:0.000237s ]
SQL: SELECT * FROM `wzd_favorite_answer` WHERE ( fid="1" and answer_id="13" ) LIMIT 1   [ RunTime:0.000199s ]
SQL: INSERT INTO `wzd_favorite_answer` (`answer_id`,`fid`) VALUES (13,1) [ RunTime:0.001252s ]
SQL: SELECT * FROM `wzd_favorite_answer` WHERE ( fid="2" and answer_id="13" ) LIMIT 1   [ RunTime:0.000246s ]

[ 2014-05-16T17:22:08+08:00 ] 127.0.0.1 /wzd/index.php/answers/evaluate
INFO: [ app_begin ] --START--
INFO: ReadHtmlCache Behavior ::run [ RunTime:0.001602s ]
INFO: [ app_begin ] --END-- [ RunTime:0.001717s ]
SQL: SHOW COLUMNS FROM `wzd_answers` [ RunTime:0.003277s ]
SQL: UPDATE `wzd_answers` SET `praise`=praise+1 WHERE ( id="13" ) [ RunTime:0.034795s ]
SQL: SHOW COLUMNS FROM `wzd_user` [ RunTime:0.003446s ]
SQL: UPDATE `wzd_user` SET `praise`=praise+1 WHERE ( id="1" ) [ RunTime:0.000925s ]

[ 2014-05-16T17:40:33+08:00 ] 127.0.0.1 /wzd/index.php/favorite?fid=1
ERR: 非法操作:index

[ 2014-05-16T17:40:33+08:00 ] 127.0.0.1 /wzd/index.php/favorite?fid=1
ERR: 非法操作:index

[ 2014-05-16T17:46:08+08:00 ] 127.0.0.1 /wzd/index.php/answers/add
INFO: [ app_begin ] --START--
INFO: ReadHtmlCache Behavior ::run [ RunTime:0.000520s ]
INFO: [ app_begin ] --END-- [ RunTime:0.000582s ]
NOTIC: [8] date_default_timezone_set() [<a href='function.date-default-timezone-set'>function.date-default-timezone-set</a>]: Timezone ID 'RPC' is invalid E:\lamp\apache\htdocs\wzd\Wzd\Lib\Action\CommonAction.class.php 第 77 行.
SQL: SHOW COLUMNS FROM `wzd_answers` [ RunTime:0.004147s ]
SQL: INSERT INTO `wzd_answers` (`content`,`uid`,`ask_id`,`createtime`,`anonymous`) VALUES ('wercwe',1,24,'2014-05-16 17:46:08',0) [ RunTime:0.005523s ]
SQL: SHOW COLUMNS FROM `wzd_user` [ RunTime:0.003629s ]
SQL: UPDATE `wzd_user` SET `answers`=answers+1 WHERE ( id="1" ) [ RunTime:0.001030s ]
SQL: SHOW COLUMNS FROM `wzd_asks` [ RunTime:0.003196s ]
SQL: UPDATE `wzd_asks` SET `replys`=replys+1 WHERE ( id="24" ) [ RunTime:0.001108s ]

