[ 2014-05-21T19:11:08+08:00 ] 127.0.0.1 /wzd/index.php/answers/followlist
INFO: [ app_begin ] --START--
INFO: ReadHtmlCache Behavior ::run [ RunTime:0.001616s ]
INFO: [ app_begin ] --END-- [ RunTime:0.001684s ]
NOTIC: [8] date_default_timezone_set() [<a href='function.date-default-timezone-set'>function.date-default-timezone-set</a>]: Timezone ID 'RPC' is invalid E:\lamp\apache\htdocs\wzd\Wzd\Lib\Action\CommonAction.class.php 第 7 行.
SQL: SHOW COLUMNS FROM `wzd_follows` [ RunTime:0.077895s ]
SQL: SELECT * FROM `wzd_follows` WHERE ( answer_id="13" )  [ RunTime:0.000498s ]
SQL: SHOW COLUMNS FROM `wzd_user` [ RunTime:0.004200s ]
SQL: SELECT `realname` FROM `wzd_user` WHERE ( id=1 ) LIMIT 1   [ RunTime:0.000403s ]
SQL: SELECT `uid` FROM `wzd_follows` WHERE ( id="0" ) LIMIT 1   [ RunTime:0.000178s ]
SQL: SELECT `realname` FROM `wzd_user` WHERE ( id= ) LIMIT 1   [ RunTime:0.000159s ]
ERR: 1064:You have an error in your SQL syntax; check the manual that corresponds to your MySQL server version for the right syntax to use near ') LIMIT 1' at line 1
 [ SQL语句 ] : SELECT `realname` FROM `wzd_user` WHERE ( id= ) LIMIT 1  
SQL: SELECT `realname` FROM `wzd_user` WHERE ( id=1 ) LIMIT 1   [ RunTime:0.000177s ]
SQL: SELECT `uid` FROM `wzd_follows` WHERE ( id="0" ) LIMIT 1   [ RunTime:0.000153s ]
SQL: SELECT `realname` FROM `wzd_user` WHERE ( id= ) LIMIT 1   [ RunTime:0.000114s ]
ERR: 1064:You have an error in your SQL syntax; check the manual that corresponds to your MySQL server version for the right syntax to use near ') LIMIT 1' at line 1
 [ SQL语句 ] : SELECT `realname` FROM `wzd_user` WHERE ( id= ) LIMIT 1  
SQL: SELECT `realname` FROM `wzd_user` WHERE ( id=1 ) LIMIT 1   [ RunTime:0.000156s ]
SQL: SELECT `uid` FROM `wzd_follows` WHERE ( id="1" ) LIMIT 1   [ RunTime:0.000159s ]
SQL: SELECT `realname` FROM `wzd_user` WHERE ( id=1 ) LIMIT 1   [ RunTime:0.000160s ]
SQL: SELECT `realname` FROM `wzd_user` WHERE ( id=1 ) LIMIT 1   [ RunTime:0.000148s ]
SQL: SELECT `uid` FROM `wzd_follows` WHERE ( id="1" ) LIMIT 1   [ RunTime:0.000146s ]
SQL: SELECT `realname` FROM `wzd_user` WHERE ( id=1 ) LIMIT 1   [ RunTime:0.000143s ]

[ 2014-05-21T19:11:15+08:00 ] 127.0.0.1 /wzd/index.php/answers/followadd
INFO: [ app_begin ] --START--
INFO: ReadHtmlCache Behavior ::run [ RunTime:0.000516s ]
INFO: [ app_begin ] --END-- [ RunTime:0.000576s ]
NOTIC: [8] date_default_timezone_set() [<a href='function.date-default-timezone-set'>function.date-default-timezone-set</a>]: Timezone ID 'RPC' is invalid E:\lamp\apache\htdocs\wzd\Wzd\Lib\Action\CommonAction.class.php 第 7 行.
SQL: SHOW COLUMNS FROM `wzd_follows` [ RunTime:0.003041s ]
SQL: INSERT INTO `wzd_follows` (`answer_id`,`pid`,`content`,`uid`,`createtime`) VALUES (13,4,'45454545',1,'2014-05-21 19:11:15') [ RunTime:0.017891s ]

[ 2014-05-21T19:11:35+08:00 ] 127.0.0.1 /wzd/index.php/answers/followlist
INFO: [ app_begin ] --START--
INFO: ReadHtmlCache Behavior ::run [ RunTime:0.000519s ]
INFO: [ app_begin ] --END-- [ RunTime:0.000581s ]
NOTIC: [8] date_default_timezone_set() [<a href='function.date-default-timezone-set'>function.date-default-timezone-set</a>]: Timezone ID 'RPC' is invalid E:\lamp\apache\htdocs\wzd\Wzd\Lib\Action\CommonAction.class.php 第 7 行.
SQL: SHOW COLUMNS FROM `wzd_follows` [ RunTime:0.002985s ]
SQL: SELECT * FROM `wzd_follows` WHERE ( answer_id="13" )  [ RunTime:0.000402s ]
SQL: SHOW COLUMNS FROM `wzd_user` [ RunTime:0.003286s ]
SQL: SELECT `realname` FROM `wzd_user` WHERE ( id=1 ) LIMIT 1   [ RunTime:0.000355s ]
SQL: SELECT `uid` FROM `wzd_follows` WHERE ( id="0" ) LIMIT 1   [ RunTime:0.000181s ]
SQL: SELECT `realname` FROM `wzd_user` WHERE ( id= ) LIMIT 1   [ RunTime:0.000122s ]
ERR: 1064:You have an error in your SQL syntax; check the manual that corresponds to your MySQL server version for the right syntax to use near ') LIMIT 1' at line 1
 [ SQL语句 ] : SELECT `realname` FROM `wzd_user` WHERE ( id= ) LIMIT 1  
SQL: SELECT `realname` FROM `wzd_user` WHERE ( id=1 ) LIMIT 1   [ RunTime:0.000166s ]
SQL: SELECT `uid` FROM `wzd_follows` WHERE ( id="0" ) LIMIT 1   [ RunTime:0.000160s ]
SQL: SELECT `realname` FROM `wzd_user` WHERE ( id= ) LIMIT 1   [ RunTime:0.000108s ]
ERR: 1064:You have an error in your SQL syntax; check the manual that corresponds to your MySQL server version for the right syntax to use near ') LIMIT 1' at line 1
 [ SQL语句 ] : SELECT `realname` FROM `wzd_user` WHERE ( id= ) LIMIT 1  
SQL: SELECT `realname` FROM `wzd_user` WHERE ( id=1 ) LIMIT 1   [ RunTime:0.000154s ]
SQL: SELECT `uid` FROM `wzd_follows` WHERE ( id="1" ) LIMIT 1   [ RunTime:0.000151s ]
SQL: SELECT `realname` FROM `wzd_user` WHERE ( id=1 ) LIMIT 1   [ RunTime:0.000211s ]
SQL: SELECT `realname` FROM `wzd_user` WHERE ( id=1 ) LIMIT 1   [ RunTime:0.000217s ]
SQL: SELECT `uid` FROM `wzd_follows` WHERE ( id="1" ) LIMIT 1   [ RunTime:0.000204s ]
SQL: SELECT `realname` FROM `wzd_user` WHERE ( id=1 ) LIMIT 1   [ RunTime:0.000183s ]
SQL: SELECT `realname` FROM `wzd_user` WHERE ( id=1 ) LIMIT 1   [ RunTime:0.000179s ]
SQL: SELECT `uid` FROM `wzd_follows` WHERE ( id="4" ) LIMIT 1   [ RunTime:0.000183s ]
SQL: SELECT `realname` FROM `wzd_user` WHERE ( id=1 ) LIMIT 1   [ RunTime:0.000178s ]

[ 2014-05-21T19:19:46+08:00 ] 127.0.0.1 /wzd/index.php/answers/evaluate
INFO: [ app_begin ] --START--
INFO: ReadHtmlCache Behavior ::run [ RunTime:0.000597s ]
INFO: [ app_begin ] --END-- [ RunTime:0.000658s ]
NOTIC: [8] date_default_timezone_set() [<a href='function.date-default-timezone-set'>function.date-default-timezone-set</a>]: Timezone ID 'RPC' is invalid E:\lamp\apache\htdocs\wzd\Wzd\Lib\Action\CommonAction.class.php 第 7 行.
SQL: SHOW COLUMNS FROM `wzd_answers` [ RunTime:0.003168s ]
SQL: UPDATE `wzd_answers` SET `hate`=hate+1 WHERE ( id="13" ) [ RunTime:0.018032s ]
SQL: SHOW COLUMNS FROM `wzd_user` [ RunTime:0.003565s ]
NOTIC: [8] Undefined variable: set E:\lamp\apache\htdocs\wzd\ThinkPHP\Lib\Core\Db.class.php 第 293 行.
NOTIC: [2] implode() [<a href='function.implode'>function.implode</a>]: Invalid arguments passed E:\lamp\apache\htdocs\wzd\ThinkPHP\Lib\Core\Db.class.php 第 293 行.
SQL: UPDATE `wzd_user` SET  WHERE ( id="1" ) [ RunTime:0.000642s ]
ERR: 1064:You have an error in your SQL syntax; check the manual that corresponds to your MySQL server version for the right syntax to use near 'WHERE ( id="1" )' at line 1
 [ SQL语句 ] : UPDATE `wzd_user` SET  WHERE ( id="1" )

[ 2014-05-21T19:19:51+08:00 ] 127.0.0.1 /wzd/index.php/answers/evaluate
INFO: [ app_begin ] --START--
INFO: ReadHtmlCache Behavior ::run [ RunTime:0.000511s ]
INFO: [ app_begin ] --END-- [ RunTime:0.000570s ]
NOTIC: [8] date_default_timezone_set() [<a href='function.date-default-timezone-set'>function.date-default-timezone-set</a>]: Timezone ID 'RPC' is invalid E:\lamp\apache\htdocs\wzd\Wzd\Lib\Action\CommonAction.class.php 第 7 行.
SQL: SHOW COLUMNS FROM `wzd_answers` [ RunTime:0.003426s ]
SQL: UPDATE `wzd_answers` SET `hate`=hate+1 WHERE ( id="13" ) [ RunTime:0.028885s ]
SQL: SHOW COLUMNS FROM `wzd_user` [ RunTime:0.003526s ]
NOTIC: [8] Undefined variable: set E:\lamp\apache\htdocs\wzd\ThinkPHP\Lib\Core\Db.class.php 第 293 行.
NOTIC: [2] implode() [<a href='function.implode'>function.implode</a>]: Invalid arguments passed E:\lamp\apache\htdocs\wzd\ThinkPHP\Lib\Core\Db.class.php 第 293 行.
SQL: UPDATE `wzd_user` SET  WHERE ( id="1" ) [ RunTime:0.000249s ]
ERR: 1064:You have an error in your SQL syntax; check the manual that corresponds to your MySQL server version for the right syntax to use near 'WHERE ( id="1" )' at line 1
 [ SQL语句 ] : UPDATE `wzd_user` SET  WHERE ( id="1" )

[ 2014-05-21T19:19:54+08:00 ] 127.0.0.1 /wzd/index.php/answers/evaluate
INFO: [ app_begin ] --START--
INFO: ReadHtmlCache Behavior ::run [ RunTime:0.000546s ]
INFO: [ app_begin ] --END-- [ RunTime:0.000611s ]
NOTIC: [8] date_default_timezone_set() [<a href='function.date-default-timezone-set'>function.date-default-timezone-set</a>]: Timezone ID 'RPC' is invalid E:\lamp\apache\htdocs\wzd\Wzd\Lib\Action\CommonAction.class.php 第 7 行.
SQL: SHOW COLUMNS FROM `wzd_answers` [ RunTime:0.003282s ]
SQL: UPDATE `wzd_answers` SET `hate`=hate+1 WHERE ( id="13" ) [ RunTime:0.005680s ]
SQL: SHOW COLUMNS FROM `wzd_user` [ RunTime:0.003405s ]
NOTIC: [8] Undefined variable: set E:\lamp\apache\htdocs\wzd\ThinkPHP\Lib\Core\Db.class.php 第 293 行.
NOTIC: [2] implode() [<a href='function.implode'>function.implode</a>]: Invalid arguments passed E:\lamp\apache\htdocs\wzd\ThinkPHP\Lib\Core\Db.class.php 第 293 行.
SQL: UPDATE `wzd_user` SET  WHERE ( id="1" ) [ RunTime:0.000271s ]
ERR: 1064:You have an error in your SQL syntax; check the manual that corresponds to your MySQL server version for the right syntax to use near 'WHERE ( id="1" )' at line 1
 [ SQL语句 ] : UPDATE `wzd_user` SET  WHERE ( id="1" )

[ 2014-05-21T19:19:56+08:00 ] 127.0.0.1 /wzd/index.php/answers/evaluate
INFO: [ app_begin ] --START--
INFO: ReadHtmlCache Behavior ::run [ RunTime:0.000587s ]
INFO: [ app_begin ] --END-- [ RunTime:0.000665s ]
NOTIC: [8] date_default_timezone_set() [<a href='function.date-default-timezone-set'>function.date-default-timezone-set</a>]: Timezone ID 'RPC' is invalid E:\lamp\apache\htdocs\wzd\Wzd\Lib\Action\CommonAction.class.php 第 7 行.
SQL: SHOW COLUMNS FROM `wzd_answers` [ RunTime:0.003266s ]
SQL: UPDATE `wzd_answers` SET `hate`=hate+1 WHERE ( id="13" ) [ RunTime:0.002010s ]
SQL: SHOW COLUMNS FROM `wzd_user` [ RunTime:0.004063s ]
NOTIC: [8] Undefined variable: set E:\lamp\apache\htdocs\wzd\ThinkPHP\Lib\Core\Db.class.php 第 293 行.
NOTIC: [2] implode() [<a href='function.implode'>function.implode</a>]: Invalid arguments passed E:\lamp\apache\htdocs\wzd\ThinkPHP\Lib\Core\Db.class.php 第 293 行.
SQL: UPDATE `wzd_user` SET  WHERE ( id="1" ) [ RunTime:0.000424s ]
ERR: 1064:You have an error in your SQL syntax; check the manual that corresponds to your MySQL server version for the right syntax to use near 'WHERE ( id="1" )' at line 1
 [ SQL语句 ] : UPDATE `wzd_user` SET  WHERE ( id="1" )

[ 2014-05-21T19:20:05+08:00 ] 127.0.0.1 /wzd/index.php/answers/evaluate
INFO: [ app_begin ] --START--
INFO: ReadHtmlCache Behavior ::run [ RunTime:0.000644s ]
INFO: [ app_begin ] --END-- [ RunTime:0.000706s ]
NOTIC: [8] date_default_timezone_set() [<a href='function.date-default-timezone-set'>function.date-default-timezone-set</a>]: Timezone ID 'RPC' is invalid E:\lamp\apache\htdocs\wzd\Wzd\Lib\Action\CommonAction.class.php 第 7 行.
SQL: SHOW COLUMNS FROM `wzd_answers` [ RunTime:0.003164s ]
SQL: UPDATE `wzd_answers` SET `hate`=hate+1 WHERE ( id="13" ) [ RunTime:0.001405s ]
SQL: SHOW COLUMNS FROM `wzd_user` [ RunTime:0.003401s ]
NOTIC: [8] Undefined variable: set E:\lamp\apache\htdocs\wzd\ThinkPHP\Lib\Core\Db.class.php 第 293 行.
NOTIC: [2] implode() [<a href='function.implode'>function.implode</a>]: Invalid arguments passed E:\lamp\apache\htdocs\wzd\ThinkPHP\Lib\Core\Db.class.php 第 293 行.
SQL: UPDATE `wzd_user` SET  WHERE ( id="1" ) [ RunTime:0.000250s ]
ERR: 1064:You have an error in your SQL syntax; check the manual that corresponds to your MySQL server version for the right syntax to use near 'WHERE ( id="1" )' at line 1
 [ SQL语句 ] : UPDATE `wzd_user` SET  WHERE ( id="1" )

[ 2014-05-21T20:07:55+08:00 ] 127.0.0.1 /wzd/index.php/answers/evaluate
INFO: [ app_begin ] --START--
INFO: ReadHtmlCache Behavior ::run [ RunTime:0.000528s ]
INFO: [ app_begin ] --END-- [ RunTime:0.000588s ]
NOTIC: [8] date_default_timezone_set() [<a href='function.date-default-timezone-set'>function.date-default-timezone-set</a>]: Timezone ID 'RPC' is invalid E:\lamp\apache\htdocs\wzd\Wzd\Lib\Action\CommonAction.class.php 第 7 行.
SQL: SHOW COLUMNS FROM `wzd_review` [ RunTime:0.003023s ]
SQL: SELECT * FROM `wzd_review` WHERE ( uid="1" and type="Array"" and answer_id="13" ) LIMIT 1   [ RunTime:0.000342s ]
ERR: 1064:You have an error in your SQL syntax; check the manual that corresponds to your MySQL server version for the right syntax to use near '13" ) LIMIT 1' at line 1
 [ SQL语句 ] : SELECT * FROM `wzd_review` WHERE ( uid="1" and type="Array"" and answer_id="13" ) LIMIT 1  
NOTIC: [8] Undefined offset:  1 E:\lamp\apache\htdocs\wzd\ThinkPHP\Lib\Core\Db.class.php 第 703 行.
SQL: INSERT INTO `wzd_review` (`uid`,`type`,`answer_id`) VALUES (1,,13) [ RunTime:0.000126s ]
ERR: 1064:You have an error in your SQL syntax; check the manual that corresponds to your MySQL server version for the right syntax to use near '13)' at line 1
 [ SQL语句 ] : INSERT INTO `wzd_review` (`uid`,`type`,`answer_id`) VALUES (1,,13)
SQL: SHOW COLUMNS FROM `wzd_answers` [ RunTime:0.003263s ]
SQL: UPDATE `wzd_answers` SET `praise`=praise+1 WHERE ( id="13" ) [ RunTime:0.001729s ]
SQL: SHOW COLUMNS FROM `wzd_user` [ RunTime:0.003459s ]
SQL: UPDATE `wzd_user` SET `praise`=praise+1 WHERE ( id="1" ) [ RunTime:0.000940s ]

[ 2014-05-21T20:08:27+08:00 ] 127.0.0.1 /wzd/index.php/answers/evaluate
INFO: [ app_begin ] --START--
INFO: ReadHtmlCache Behavior ::run [ RunTime:0.001023s ]
INFO: [ app_begin ] --END-- [ RunTime:0.001147s ]
NOTIC: [8] date_default_timezone_set() [<a href='function.date-default-timezone-set'>function.date-default-timezone-set</a>]: Timezone ID 'RPC' is invalid E:\lamp\apache\htdocs\wzd\Wzd\Lib\Action\CommonAction.class.php 第 7 行.
SQL: SHOW COLUMNS FROM `wzd_review` [ RunTime:0.003010s ]
SQL: SELECT * FROM `wzd_review` WHERE ( uid="1" and type="Array"" and answer_id="13" ) LIMIT 1   [ RunTime:0.000250s ]
ERR: 1064:You have an error in your SQL syntax; check the manual that corresponds to your MySQL server version for the right syntax to use near '13" ) LIMIT 1' at line 1
 [ SQL语句 ] : SELECT * FROM `wzd_review` WHERE ( uid="1" and type="Array"" and answer_id="13" ) LIMIT 1  
NOTIC: [8] Undefined offset:  1 E:\lamp\apache\htdocs\wzd\ThinkPHP\Lib\Core\Db.class.php 第 703 行.
SQL: INSERT INTO `wzd_review` (`uid`,`type`,`answer_id`) VALUES (1,,13) [ RunTime:0.000123s ]
ERR: 1064:You have an error in your SQL syntax; check the manual that corresponds to your MySQL server version for the right syntax to use near '13)' at line 1
 [ SQL语句 ] : INSERT INTO `wzd_review` (`uid`,`type`,`answer_id`) VALUES (1,,13)
SQL: SHOW COLUMNS FROM `wzd_answers` [ RunTime:0.003207s ]
SQL: UPDATE `wzd_answers` SET `praise`=praise+1 WHERE ( id="13" ) [ RunTime:0.001372s ]
SQL: SHOW COLUMNS FROM `wzd_user` [ RunTime:0.004130s ]
SQL: UPDATE `wzd_user` SET `praise`=praise+1 WHERE ( id="1" ) [ RunTime:0.001418s ]

[ 2014-05-21T20:10:01+08:00 ] 127.0.0.1 /wzd/index.php/answers/evaluate
INFO: [ app_begin ] --START--
INFO: ReadHtmlCache Behavior ::run [ RunTime:0.000562s ]
INFO: [ app_begin ] --END-- [ RunTime:0.000637s ]
NOTIC: [8] date_default_timezone_set() [<a href='function.date-default-timezone-set'>function.date-default-timezone-set</a>]: Timezone ID 'RPC' is invalid E:\lamp\apache\htdocs\wzd\Wzd\Lib\Action\CommonAction.class.php 第 7 行.
SQL: SHOW COLUMNS FROM `wzd_review` [ RunTime:0.003711s ]
SQL: SELECT * FROM `wzd_review` WHERE ( uid="1" and type="Array"" and answer_id="13" ) LIMIT 1   [ RunTime:0.000273s ]
ERR: 1064:You have an error in your SQL syntax; check the manual that corresponds to your MySQL server version for the right syntax to use near '13" ) LIMIT 1' at line 1
 [ SQL语句 ] : SELECT * FROM `wzd_review` WHERE ( uid="1" and type="Array"" and answer_id="13" ) LIMIT 1  
NOTIC: [8] Undefined offset:  1 E:\lamp\apache\htdocs\wzd\ThinkPHP\Lib\Core\Db.class.php 第 703 行.
SQL: INSERT INTO `wzd_review` (`uid`,`type`,`answer_id`) VALUES (1,,13) [ RunTime:0.000278s ]
ERR: 1064:You have an error in your SQL syntax; check the manual that corresponds to your MySQL server version for the right syntax to use near '13)' at line 1
 [ SQL语句 ] : INSERT INTO `wzd_review` (`uid`,`type`,`answer_id`) VALUES (1,,13)
SQL: SHOW COLUMNS FROM `wzd_answers` [ RunTime:0.004089s ]
SQL: UPDATE `wzd_answers` SET `praise`=praise+1 WHERE ( id="13" ) [ RunTime:0.029897s ]
SQL: SHOW COLUMNS FROM `wzd_user` [ RunTime:0.004799s ]
SQL: UPDATE `wzd_user` SET `praise`=praise+1 WHERE ( id="1" ) [ RunTime:0.004468s ]

[ 2014-05-21T20:26:43+08:00 ] 127.0.0.1 /wzd/index.php/answers/evaluate
INFO: [ app_begin ] --START--
INFO: ReadHtmlCache Behavior ::run [ RunTime:0.000597s ]
INFO: [ app_begin ] --END-- [ RunTime:0.000666s ]
NOTIC: [8] date_default_timezone_set() [<a href='function.date-default-timezone-set'>function.date-default-timezone-set</a>]: Timezone ID 'RPC' is invalid E:\lamp\apache\htdocs\wzd\Wzd\Lib\Action\CommonAction.class.php 第 7 行.
SQL: SHOW COLUMNS FROM `wzd_review` [ RunTime:0.002941s ]
SQL: SELECT * FROM `wzd_review` WHERE ( uid="1" and type="Array"" and answer_id="13" ) LIMIT 1   [ RunTime:0.000704s ]
ERR: 1064:You have an error in your SQL syntax; check the manual that corresponds to your MySQL server version for the right syntax to use near '13" ) LIMIT 1' at line 1
 [ SQL语句 ] : SELECT * FROM `wzd_review` WHERE ( uid="1" and type="Array"" and answer_id="13" ) LIMIT 1  
NOTIC: [8] Undefined offset:  1 E:\lamp\apache\htdocs\wzd\ThinkPHP\Lib\Core\Db.class.php 第 703 行.
SQL: INSERT INTO `wzd_review` (`uid`,`type`,`answer_id`) VALUES (1,,13) [ RunTime:0.000137s ]
ERR: 1064:You have an error in your SQL syntax; check the manual that corresponds to your MySQL server version for the right syntax to use near '13)' at line 1
 [ SQL语句 ] : INSERT INTO `wzd_review` (`uid`,`type`,`answer_id`) VALUES (1,,13)
SQL: SHOW COLUMNS FROM `wzd_answers` [ RunTime:0.003336s ]
SQL: UPDATE `wzd_answers` SET `praise`=praise+1 WHERE ( id="13" ) [ RunTime:0.067062s ]
SQL: SHOW COLUMNS FROM `wzd_user` [ RunTime:0.003461s ]
SQL: UPDATE `wzd_user` SET `praise`=praise+1 WHERE ( id="1" ) [ RunTime:0.001735s ]

[ 2014-05-21T20:27:07+08:00 ] 127.0.0.1 /wzd/index.php/answers/evaluate
INFO: [ app_begin ] --START--
INFO: ReadHtmlCache Behavior ::run [ RunTime:0.000555s ]
INFO: [ app_begin ] --END-- [ RunTime:0.000622s ]
NOTIC: [8] date_default_timezone_set() [<a href='function.date-default-timezone-set'>function.date-default-timezone-set</a>]: Timezone ID 'RPC' is invalid E:\lamp\apache\htdocs\wzd\Wzd\Lib\Action\CommonAction.class.php 第 7 行.
SQL: SHOW COLUMNS FROM `wzd_review` [ RunTime:0.003977s ]
SQL: SELECT * FROM `wzd_review` WHERE ( uid="1" and type="Array"" and answer_id="14" ) LIMIT 1   [ RunTime:0.000191s ]
ERR: 1064:You have an error in your SQL syntax; check the manual that corresponds to your MySQL server version for the right syntax to use near '14" ) LIMIT 1' at line 1
 [ SQL语句 ] : SELECT * FROM `wzd_review` WHERE ( uid="1" and type="Array"" and answer_id="14" ) LIMIT 1  
NOTIC: [8] Undefined offset:  1 E:\lamp\apache\htdocs\wzd\ThinkPHP\Lib\Core\Db.class.php 第 703 行.
SQL: INSERT INTO `wzd_review` (`uid`,`type`,`answer_id`) VALUES (1,,14) [ RunTime:0.000124s ]
ERR: 1064:You have an error in your SQL syntax; check the manual that corresponds to your MySQL server version for the right syntax to use near '14)' at line 1
 [ SQL语句 ] : INSERT INTO `wzd_review` (`uid`,`type`,`answer_id`) VALUES (1,,14)
SQL: SHOW COLUMNS FROM `wzd_answers` [ RunTime:0.003161s ]
SQL: UPDATE `wzd_answers` SET `praise`=praise+1 WHERE ( id="14" ) [ RunTime:0.005285s ]
SQL: SHOW COLUMNS FROM `wzd_user` [ RunTime:0.003733s ]
SQL: UPDATE `wzd_user` SET `praise`=praise+1 WHERE ( id="1" ) [ RunTime:0.001134s ]

[ 2014-05-21T20:27:09+08:00 ] 127.0.0.1 /wzd/index.php/answers/evaluate
INFO: [ app_begin ] --START--
INFO: ReadHtmlCache Behavior ::run [ RunTime:0.000812s ]
INFO: [ app_begin ] --END-- [ RunTime:0.000922s ]
NOTIC: [8] date_default_timezone_set() [<a href='function.date-default-timezone-set'>function.date-default-timezone-set</a>]: Timezone ID 'RPC' is invalid E:\lamp\apache\htdocs\wzd\Wzd\Lib\Action\CommonAction.class.php 第 7 行.
SQL: SHOW COLUMNS FROM `wzd_review` [ RunTime:0.003252s ]
SQL: SELECT * FROM `wzd_review` WHERE ( uid="1" and type="Array"" and answer_id="13" ) LIMIT 1   [ RunTime:0.000379s ]
ERR: 1064:You have an error in your SQL syntax; check the manual that corresponds to your MySQL server version for the right syntax to use near '13" ) LIMIT 1' at line 1
 [ SQL语句 ] : SELECT * FROM `wzd_review` WHERE ( uid="1" and type="Array"" and answer_id="13" ) LIMIT 1  
NOTIC: [8] Undefined offset:  1 E:\lamp\apache\htdocs\wzd\ThinkPHP\Lib\Core\Db.class.php 第 703 行.
SQL: INSERT INTO `wzd_review` (`uid`,`type`,`answer_id`) VALUES (1,,13) [ RunTime:0.000131s ]
ERR: 1064:You have an error in your SQL syntax; check the manual that corresponds to your MySQL server version for the right syntax to use near '13)' at line 1
 [ SQL语句 ] : INSERT INTO `wzd_review` (`uid`,`type`,`answer_id`) VALUES (1,,13)
SQL: SHOW COLUMNS FROM `wzd_answers` [ RunTime:0.003665s ]
SQL: UPDATE `wzd_answers` SET `praise`=praise+1 WHERE ( id="13" ) [ RunTime:0.004178s ]
SQL: SHOW COLUMNS FROM `wzd_user` [ RunTime:0.004076s ]
SQL: UPDATE `wzd_user` SET `praise`=praise+1 WHERE ( id="1" ) [ RunTime:0.001411s ]

[ 2014-05-21T20:30:29+08:00 ] 127.0.0.1 /wzd/index.php/answers/evaluate
INFO: [ app_begin ] --START--
INFO: ReadHtmlCache Behavior ::run [ RunTime:0.000567s ]
INFO: [ app_begin ] --END-- [ RunTime:0.000637s ]
NOTIC: [8] date_default_timezone_set() [<a href='function.date-default-timezone-set'>function.date-default-timezone-set</a>]: Timezone ID 'RPC' is invalid E:\lamp\apache\htdocs\wzd\Wzd\Lib\Action\CommonAction.class.php 第 7 行.
SQL: SHOW COLUMNS FROM `wzd_review` [ RunTime:0.003438s ]
SQL: SELECT * FROM `wzd_review` WHERE ( uid="1" and type="Array"" and answer_id="13" ) LIMIT 1   [ RunTime:0.000528s ]
ERR: 1064:You have an error in your SQL syntax; check the manual that corresponds to your MySQL server version for the right syntax to use near '13" ) LIMIT 1' at line 1
 [ SQL语句 ] : SELECT * FROM `wzd_review` WHERE ( uid="1" and type="Array"" and answer_id="13" ) LIMIT 1  
NOTIC: [8] Undefined offset:  1 E:\lamp\apache\htdocs\wzd\ThinkPHP\Lib\Core\Db.class.php 第 703 行.
SQL: INSERT INTO `wzd_review` (`uid`,`type`,`answer_id`) VALUES (1,,13) [ RunTime:0.000169s ]
ERR: 1064:You have an error in your SQL syntax; check the manual that corresponds to your MySQL server version for the right syntax to use near '13)' at line 1
 [ SQL语句 ] : INSERT INTO `wzd_review` (`uid`,`type`,`answer_id`) VALUES (1,,13)
SQL: SHOW COLUMNS FROM `wzd_answers` [ RunTime:0.003156s ]
SQL: UPDATE `wzd_answers` SET `praise`=praise+1 WHERE ( id="13" ) [ RunTime:0.005207s ]
SQL: SHOW COLUMNS FROM `wzd_user` [ RunTime:0.003585s ]
SQL: UPDATE `wzd_user` SET `praise`=praise+1 WHERE ( id="1" ) [ RunTime:0.001086s ]

[ 2014-05-21T20:30:43+08:00 ] 127.0.0.1 /wzd/index.php/answers/evaluate
INFO: [ app_begin ] --START--
INFO: ReadHtmlCache Behavior ::run [ RunTime:0.000646s ]
INFO: [ app_begin ] --END-- [ RunTime:0.000713s ]
NOTIC: [8] date_default_timezone_set() [<a href='function.date-default-timezone-set'>function.date-default-timezone-set</a>]: Timezone ID 'RPC' is invalid E:\lamp\apache\htdocs\wzd\Wzd\Lib\Action\CommonAction.class.php 第 7 行.
SQL: SHOW COLUMNS FROM `wzd_review` [ RunTime:0.002900s ]
SQL: SELECT * FROM `wzd_review` WHERE ( uid="1" and type="Array"" and answer_id="13" ) LIMIT 1   [ RunTime:0.000636s ]
ERR: 1064:You have an error in your SQL syntax; check the manual that corresponds to your MySQL server version for the right syntax to use near '13" ) LIMIT 1' at line 1
 [ SQL语句 ] : SELECT * FROM `wzd_review` WHERE ( uid="1" and type="Array"" and answer_id="13" ) LIMIT 1  
SQL: INSERT INTO `wzd_review` (`uid`,`answer_id`) VALUES (1,13) [ RunTime:0.023646s ]
SQL: SHOW COLUMNS FROM `wzd_answers` [ RunTime:0.003467s ]
SQL: UPDATE `wzd_answers` SET `hate`=hate+1 WHERE ( id="13" ) [ RunTime:0.003188s ]
SQL: SHOW COLUMNS FROM `wzd_user` [ RunTime:0.003951s ]
NOTIC: [8] Undefined variable: set E:\lamp\apache\htdocs\wzd\ThinkPHP\Lib\Core\Db.class.php 第 293 行.
NOTIC: [2] implode() [<a href='function.implode'>function.implode</a>]: Invalid arguments passed E:\lamp\apache\htdocs\wzd\ThinkPHP\Lib\Core\Db.class.php 第 293 行.
SQL: UPDATE `wzd_user` SET  WHERE ( id="1" ) [ RunTime:0.000930s ]
ERR: 1064:You have an error in your SQL syntax; check the manual that corresponds to your MySQL server version for the right syntax to use near 'WHERE ( id="1" )' at line 1
 [ SQL语句 ] : UPDATE `wzd_user` SET  WHERE ( id="1" )

[ 2014-05-21T20:31:08+08:00 ] 127.0.0.1 /wzd/index.php/answers/evaluate
INFO: [ app_begin ] --START--
INFO: ReadHtmlCache Behavior ::run [ RunTime:0.000592s ]
INFO: [ app_begin ] --END-- [ RunTime:0.000664s ]
NOTIC: [8] date_default_timezone_set() [<a href='function.date-default-timezone-set'>function.date-default-timezone-set</a>]: Timezone ID 'RPC' is invalid E:\lamp\apache\htdocs\wzd\Wzd\Lib\Action\CommonAction.class.php 第 7 行.
SQL: SHOW COLUMNS FROM `wzd_review` [ RunTime:0.003028s ]
SQL: SELECT * FROM `wzd_review` WHERE ( uid="1" and type="Array"" and answer_id="13" ) LIMIT 1   [ RunTime:0.001290s ]
ERR: 1064:You have an error in your SQL syntax; check the manual that corresponds to your MySQL server version for the right syntax to use near '13" ) LIMIT 1' at line 1
 [ SQL语句 ] : SELECT * FROM `wzd_review` WHERE ( uid="1" and type="Array"" and answer_id="13" ) LIMIT 1  
NOTIC: [8] Undefined offset:  1 E:\lamp\apache\htdocs\wzd\ThinkPHP\Lib\Core\Db.class.php 第 703 行.
SQL: INSERT INTO `wzd_review` (`uid`,`type`,`answer_id`) VALUES (1,,13) [ RunTime:0.000201s ]
ERR: 1064:You have an error in your SQL syntax; check the manual that corresponds to your MySQL server version for the right syntax to use near '13)' at line 1
 [ SQL语句 ] : INSERT INTO `wzd_review` (`uid`,`type`,`answer_id`) VALUES (1,,13)
SQL: SHOW COLUMNS FROM `wzd_answers` [ RunTime:0.004123s ]
SQL: UPDATE `wzd_answers` SET `praise`=praise+1 WHERE ( id="13" ) [ RunTime:0.005883s ]
SQL: SHOW COLUMNS FROM `wzd_user` [ RunTime:0.004289s ]
SQL: UPDATE `wzd_user` SET `praise`=praise+1 WHERE ( id="1" ) [ RunTime:0.001204s ]

[ 2014-05-21T20:33:02+08:00 ] 127.0.0.1 /wzd/index.php/answers/evaluate
INFO: [ app_begin ] --START--
INFO: ReadHtmlCache Behavior ::run [ RunTime:0.000560s ]
INFO: [ app_begin ] --END-- [ RunTime:0.000626s ]
NOTIC: [8] date_default_timezone_set() [<a href='function.date-default-timezone-set'>function.date-default-timezone-set</a>]: Timezone ID 'RPC' is invalid E:\lamp\apache\htdocs\wzd\Wzd\Lib\Action\CommonAction.class.php 第 7 行.

[ 2014-05-21T20:33:18+08:00 ] 127.0.0.1 /wzd/index.php/answers/evaluate
INFO: [ app_begin ] --START--
INFO: ReadHtmlCache Behavior ::run [ RunTime:0.000553s ]
INFO: [ app_begin ] --END-- [ RunTime:0.000619s ]
NOTIC: [8] date_default_timezone_set() [<a href='function.date-default-timezone-set'>function.date-default-timezone-set</a>]: Timezone ID 'RPC' is invalid E:\lamp\apache\htdocs\wzd\Wzd\Lib\Action\CommonAction.class.php 第 7 行.

[ 2014-05-21T20:33:28+08:00 ] 127.0.0.1 /wzd/index.php/answers/evaluate
INFO: [ app_begin ] --START--
INFO: ReadHtmlCache Behavior ::run [ RunTime:0.000553s ]
INFO: [ app_begin ] --END-- [ RunTime:0.000618s ]
NOTIC: [8] date_default_timezone_set() [<a href='function.date-default-timezone-set'>function.date-default-timezone-set</a>]: Timezone ID 'RPC' is invalid E:\lamp\apache\htdocs\wzd\Wzd\Lib\Action\CommonAction.class.php 第 7 行.

[ 2014-05-21T20:33:29+08:00 ] 127.0.0.1 /wzd/index.php/answers/evaluate
INFO: [ app_begin ] --START--
INFO: ReadHtmlCache Behavior ::run [ RunTime:0.000569s ]
INFO: [ app_begin ] --END-- [ RunTime:0.000634s ]
NOTIC: [8] date_default_timezone_set() [<a href='function.date-default-timezone-set'>function.date-default-timezone-set</a>]: Timezone ID 'RPC' is invalid E:\lamp\apache\htdocs\wzd\Wzd\Lib\Action\CommonAction.class.php 第 7 行.

[ 2014-05-21T20:33:40+08:00 ] 127.0.0.1 /wzd/index.php/answers/evaluate
INFO: [ app_begin ] --START--
INFO: ReadHtmlCache Behavior ::run [ RunTime:0.001264s ]
INFO: [ app_begin ] --END-- [ RunTime:0.001451s ]
NOTIC: [8] date_default_timezone_set() [<a href='function.date-default-timezone-set'>function.date-default-timezone-set</a>]: Timezone ID 'RPC' is invalid E:\lamp\apache\htdocs\wzd\Wzd\Lib\Action\CommonAction.class.php 第 7 行.
SQL: SHOW COLUMNS FROM `wzd_review` [ RunTime:0.002710s ]
SQL: SELECT * FROM `wzd_review` WHERE ( uid="1" and type="Array"" and answer_id="13" ) LIMIT 1   [ RunTime:0.000549s ]
ERR: 1064:You have an error in your SQL syntax; check the manual that corresponds to your MySQL server version for the right syntax to use near '13" ) LIMIT 1' at line 1
 [ SQL语句 ] : SELECT * FROM `wzd_review` WHERE ( uid="1" and type="Array"" and answer_id="13" ) LIMIT 1  
SQL: INSERT INTO `wzd_review` (`uid`,`answer_id`) VALUES (1,13) [ RunTime:0.000826s ]
SQL: SHOW COLUMNS FROM `wzd_answers` [ RunTime:0.003081s ]
SQL: UPDATE `wzd_answers` SET `hate`=hate+1 WHERE ( id="13" ) [ RunTime:0.000855s ]
SQL: SHOW COLUMNS FROM `wzd_user` [ RunTime:0.003438s ]
NOTIC: [8] Undefined variable: set E:\lamp\apache\htdocs\wzd\ThinkPHP\Lib\Core\Db.class.php 第 293 行.
NOTIC: [2] implode() [<a href='function.implode'>function.implode</a>]: Invalid arguments passed E:\lamp\apache\htdocs\wzd\ThinkPHP\Lib\Core\Db.class.php 第 293 行.
SQL: UPDATE `wzd_user` SET  WHERE ( id="1" ) [ RunTime:0.000833s ]
ERR: 1064:You have an error in your SQL syntax; check the manual that corresponds to your MySQL server version for the right syntax to use near 'WHERE ( id="1" )' at line 1
 [ SQL语句 ] : UPDATE `wzd_user` SET  WHERE ( id="1" )

[ 2014-05-21T20:34:05+08:00 ] 127.0.0.1 /wzd/index.php/answers/evaluate
INFO: [ app_begin ] --START--
INFO: ReadHtmlCache Behavior ::run [ RunTime:0.000608s ]
INFO: [ app_begin ] --END-- [ RunTime:0.000675s ]
NOTIC: [8] date_default_timezone_set() [<a href='function.date-default-timezone-set'>function.date-default-timezone-set</a>]: Timezone ID 'RPC' is invalid E:\lamp\apache\htdocs\wzd\Wzd\Lib\Action\CommonAction.class.php 第 7 行.
SQL: SHOW COLUMNS FROM `wzd_review` [ RunTime:0.003003s ]
SQL: SELECT * FROM `wzd_review` WHERE ( uid="1" and type="Array"" and answer_id="13" ) LIMIT 1   [ RunTime:0.000666s ]
ERR: 1064:You have an error in your SQL syntax; check the manual that corresponds to your MySQL server version for the right syntax to use near '13" ) LIMIT 1' at line 1
 [ SQL语句 ] : SELECT * FROM `wzd_review` WHERE ( uid="1" and type="Array"" and answer_id="13" ) LIMIT 1  
SQL: INSERT INTO `wzd_review` (`uid`,`answer_id`) VALUES (1,13) [ RunTime:0.000874s ]
SQL: SHOW COLUMNS FROM `wzd_answers` [ RunTime:0.003191s ]
SQL: UPDATE `wzd_answers` SET `hate`=hate+1 WHERE ( id="13" ) [ RunTime:0.001043s ]
SQL: SHOW COLUMNS FROM `wzd_user` [ RunTime:0.003309s ]
NOTIC: [8] Undefined variable: set E:\lamp\apache\htdocs\wzd\ThinkPHP\Lib\Core\Db.class.php 第 293 行.
NOTIC: [2] implode() [<a href='function.implode'>function.implode</a>]: Invalid arguments passed E:\lamp\apache\htdocs\wzd\ThinkPHP\Lib\Core\Db.class.php 第 293 行.
SQL: UPDATE `wzd_user` SET  WHERE ( id="1" ) [ RunTime:0.000161s ]
ERR: 1064:You have an error in your SQL syntax; check the manual that corresponds to your MySQL server version for the right syntax to use near 'WHERE ( id="1" )' at line 1
 [ SQL语句 ] : UPDATE `wzd_user` SET  WHERE ( id="1" )

[ 2014-05-21T21:06:32+08:00 ] 127.0.0.1 /wzd/index.php/answers/evaluate
INFO: [ app_begin ] --START--
INFO: ReadHtmlCache Behavior ::run [ RunTime:0.002639s ]
INFO: [ app_begin ] --END-- [ RunTime:0.002767s ]
NOTIC: [8] date_default_timezone_set() [<a href='function.date-default-timezone-set'>function.date-default-timezone-set</a>]: Timezone ID 'RPC' is invalid E:\lamp\apache\htdocs\wzd\Wzd\Lib\Action\CommonAction.class.php 第 7 行.
SQL: SHOW COLUMNS FROM `wzd_review` [ RunTime:0.003365s ]
SQL: SELECT * FROM `wzd_review` WHERE ( uid="1" and type="Array"" and answer_id="13" ) LIMIT 1   [ RunTime:0.000410s ]
ERR: 1064:You have an error in your SQL syntax; check the manual that corresponds to your MySQL server version for the right syntax to use near '13" ) LIMIT 1' at line 1
 [ SQL语句 ] : SELECT * FROM `wzd_review` WHERE ( uid="1" and type="Array"" and answer_id="13" ) LIMIT 1  
NOTIC: [8] Undefined offset:  1 E:\lamp\apache\htdocs\wzd\ThinkPHP\Lib\Core\Db.class.php 第 703 行.
SQL: INSERT INTO `wzd_review` (`uid`,`type`,`answer_id`) VALUES (1,,13) [ RunTime:0.000154s ]
ERR: 1064:You have an error in your SQL syntax; check the manual that corresponds to your MySQL server version for the right syntax to use near '13)' at line 1
 [ SQL语句 ] : INSERT INTO `wzd_review` (`uid`,`type`,`answer_id`) VALUES (1,,13)
SQL: SHOW COLUMNS FROM `wzd_answers` [ RunTime:0.005015s ]
SQL: UPDATE `wzd_answers` SET `praise`=praise+1 WHERE ( id="13" ) [ RunTime:0.001449s ]
SQL: SHOW COLUMNS FROM `wzd_user` [ RunTime:0.004146s ]
SQL: UPDATE `wzd_user` SET `praise`=praise+1 WHERE ( id="1" ) [ RunTime:0.001211s ]

[ 2014-05-21T21:06:37+08:00 ] 127.0.0.1 /wzd/index.php/answers/evaluate
INFO: [ app_begin ] --START--
INFO: ReadHtmlCache Behavior ::run [ RunTime:0.000649s ]
INFO: [ app_begin ] --END-- [ RunTime:0.000721s ]
NOTIC: [8] date_default_timezone_set() [<a href='function.date-default-timezone-set'>function.date-default-timezone-set</a>]: Timezone ID 'RPC' is invalid E:\lamp\apache\htdocs\wzd\Wzd\Lib\Action\CommonAction.class.php 第 7 行.
SQL: SHOW COLUMNS FROM `wzd_review` [ RunTime:0.003862s ]
SQL: SELECT * FROM `wzd_review` WHERE ( uid="1" and type="Array"" and answer_id="13" ) LIMIT 1   [ RunTime:0.000711s ]
ERR: 1064:You have an error in your SQL syntax; check the manual that corresponds to your MySQL server version for the right syntax to use near '13" ) LIMIT 1' at line 1
 [ SQL语句 ] : SELECT * FROM `wzd_review` WHERE ( uid="1" and type="Array"" and answer_id="13" ) LIMIT 1  
SQL: INSERT INTO `wzd_review` (`uid`,`answer_id`) VALUES (1,13) [ RunTime:0.001468s ]
SQL: SHOW COLUMNS FROM `wzd_answers` [ RunTime:0.003619s ]
SQL: UPDATE `wzd_answers` SET `hate`=hate+1 WHERE ( id="13" ) [ RunTime:0.001024s ]
SQL: SHOW COLUMNS FROM `wzd_user` [ RunTime:0.003856s ]
NOTIC: [8] Undefined variable: set E:\lamp\apache\htdocs\wzd\ThinkPHP\Lib\Core\Db.class.php 第 293 行.
NOTIC: [2] implode() [<a href='function.implode'>function.implode</a>]: Invalid arguments passed E:\lamp\apache\htdocs\wzd\ThinkPHP\Lib\Core\Db.class.php 第 293 行.
SQL: UPDATE `wzd_user` SET  WHERE ( id="1" ) [ RunTime:0.000213s ]
ERR: 1064:You have an error in your SQL syntax; check the manual that corresponds to your MySQL server version for the right syntax to use near 'WHERE ( id="1" )' at line 1
 [ SQL语句 ] : UPDATE `wzd_user` SET  WHERE ( id="1" )

