[ 2014-05-18T14:18:41+08:00 ] 127.0.0.1 /wzd/index.php/report/askadd
INFO: [ app_begin ] --START--
INFO: ReadHtmlCache Behavior ::run [ RunTime:0.000637s ]
INFO: [ app_begin ] --END-- [ RunTime:0.000853s ]
ERR: 非法操作:askadd

[ 2014-05-18T14:18:55+08:00 ] 127.0.0.1 /wzd/index.php/report/askadd
INFO: [ app_begin ] --START--
INFO: ReadHtmlCache Behavior ::run [ RunTime:0.000580s ]
INFO: [ app_begin ] --END-- [ RunTime:0.000641s ]
SQL: SHOW COLUMNS FROM `wzd_ask_report` [ RunTime:0.002837s ]
SQL: SELECT * FROM `wzd_ask_report` WHERE ( ask_id="24" and reporterid="1" ) LIMIT 1   [ RunTime:0.000454s ]
SQL: INSERT INTO `wzd_ask_report` (`ask_id`,`reporterid`) VALUES (24,1) [ RunTime:0.000178s ]
ERR: 1062:Duplicate entry '0' for key 'PRIMARY'
 [ SQL语句 ] : INSERT INTO `wzd_ask_report` (`ask_id`,`reporterid`) VALUES (24,1)

[ 2014-05-18T14:19:19+08:00 ] 127.0.0.1 /wzd/index.php/Report/askadd
INFO: [ app_begin ] --START--
INFO: ReadHtmlCache Behavior ::run [ RunTime:0.000568s ]
INFO: [ app_begin ] --END-- [ RunTime:0.000638s ]
SQL: SHOW COLUMNS FROM `wzd_ask_report` [ RunTime:0.002844s ]
SQL: SELECT * FROM `wzd_ask_report` WHERE ( ask_id="24" and reporterid="1" ) LIMIT 1   [ RunTime:0.000513s ]
SQL: INSERT INTO `wzd_ask_report` (`ask_id`,`reporterid`) VALUES (24,1) [ RunTime:0.000150s ]
ERR: 1062:Duplicate entry '0' for key 'PRIMARY'
 [ SQL语句 ] : INSERT INTO `wzd_ask_report` (`ask_id`,`reporterid`) VALUES (24,1)

[ 2014-05-18T14:24:39+08:00 ] 127.0.0.1 /wzd/index.php/Report/add
INFO: [ app_begin ] --START--
INFO: ReadHtmlCache Behavior ::run [ RunTime:0.000857s ]
INFO: [ app_begin ] --END-- [ RunTime:0.001011s ]
ERR: 非法操作:add

[ 2014-05-18T14:24:40+08:00 ] 127.0.0.1 /wzd/index.php/Report/add
INFO: [ app_begin ] --START--
INFO: ReadHtmlCache Behavior ::run [ RunTime:0.000590s ]
INFO: [ app_begin ] --END-- [ RunTime:0.000650s ]
ERR: 非法操作:add

[ 2014-05-18T14:24:46+08:00 ] 127.0.0.1 /wzd/index.php/Report/add
INFO: [ app_begin ] --START--
INFO: ReadHtmlCache Behavior ::run [ RunTime:0.000560s ]
INFO: [ app_begin ] --END-- [ RunTime:0.000628s ]
ERR: 非法操作:add

[ 2014-05-18T14:25:05+08:00 ] 127.0.0.1 /wzd/index.php/Report/add
INFO: [ app_begin ] --START--
INFO: ReadHtmlCache Behavior ::run [ RunTime:0.000508s ]
INFO: [ app_begin ] --END-- [ RunTime:0.000570s ]
ERR: 非法操作:add

[ 2014-05-18T14:25:24+08:00 ] 127.0.0.1 /wzd/index.php/Report/add
INFO: [ app_begin ] --START--
INFO: ReadHtmlCache Behavior ::run [ RunTime:0.000838s ]
INFO: [ app_begin ] --END-- [ RunTime:0.000915s ]
SQL: SHOW COLUMNS FROM `wzd_ask_report` [ RunTime:0.002945s ]
NOTIC: [8] Undefined variable: reportt E:\lamp\apache\htdocs\wzd\Wzd\Lib\Action\ReportAction.class.php 第 15 行.

[ 2014-05-18T14:30:01+08:00 ] 127.0.0.1 /wzd/index.php/Report/add
INFO: [ app_begin ] --START--
INFO: ReadHtmlCache Behavior ::run [ RunTime:0.000690s ]
INFO: [ app_begin ] --END-- [ RunTime:0.000804s ]
SQL: SHOW COLUMNS FROM `wzd_ask_report` [ RunTime:0.002874s ]
SQL: SELECT * FROM `wzd_ask_report` WHERE ( ask_id="24" and reporterid="1" ) LIMIT 1   [ RunTime:0.000499s ]
SQL: INSERT INTO `wzd_ask_report` (`ask_id`,`reporterid`) VALUES (24,1) [ RunTime:0.000250s ]
ERR: 1062:Duplicate entry '0' for key 'PRIMARY'
 [ SQL语句 ] : INSERT INTO `wzd_ask_report` (`ask_id`,`reporterid`) VALUES (24,1)

[ 2014-05-18T14:31:26+08:00 ] 127.0.0.1 /wzd/index.php/Report/add
INFO: [ app_begin ] --START--
INFO: ReadHtmlCache Behavior ::run [ RunTime:0.000563s ]
INFO: [ app_begin ] --END-- [ RunTime:0.000631s ]
SQL: SHOW COLUMNS FROM `wzd_ask_report` [ RunTime:0.003651s ]
SQL: SELECT * FROM `wzd_ask_report` WHERE ( ask_id="24" and reporterid="1" ) LIMIT 1   [ RunTime:0.000324s ]
SQL: INSERT INTO `wzd_ask_report` (`ask_id`,`reporterid`) VALUES (24,1) [ RunTime:0.000179s ]
ERR: 1062:Duplicate entry '0' for key 'PRIMARY'
 [ SQL语句 ] : INSERT INTO `wzd_ask_report` (`ask_id`,`reporterid`) VALUES (24,1)

[ 2014-05-18T14:32:18+08:00 ] 127.0.0.1 /wzd/index.php/Report/add
INFO: [ app_begin ] --START--
INFO: ReadHtmlCache Behavior ::run [ RunTime:0.001328s ]
INFO: [ app_begin ] --END-- [ RunTime:0.001523s ]

[ 2014-05-18T14:35:34+08:00 ] 127.0.0.1 /wzd/index.php/Report/add
INFO: [ app_begin ] --START--
INFO: ReadHtmlCache Behavior ::run [ RunTime:0.000595s ]
INFO: [ app_begin ] --END-- [ RunTime:0.000681s ]
SQL: SHOW COLUMNS FROM `wzd_ask_report` [ RunTime:0.002804s ]
SQL: SELECT * FROM `wzd_ask_report` WHERE ( ask_id="24" and reporterid="1" ) LIMIT 1   [ RunTime:0.000397s ]
SQL: INSERT INTO `wzd_ask_report` (`ask_id`,`reporterid`) VALUES (24,1) [ RunTime:0.000172s ]
ERR: 1062:Duplicate entry '0' for key 'PRIMARY'
 [ SQL语句 ] : INSERT INTO `wzd_ask_report` (`ask_id`,`reporterid`) VALUES (24,1)

[ 2014-05-18T14:36:32+08:00 ] 127.0.0.1 /wzd/index.php/Report/add
INFO: [ app_begin ] --START--
INFO: ReadHtmlCache Behavior ::run [ RunTime:0.000604s ]
INFO: [ app_begin ] --END-- [ RunTime:0.000684s ]
SQL: SHOW COLUMNS FROM `wzd_ask_report` [ RunTime:0.002759s ]
SQL: SELECT * FROM `wzd_ask_report` WHERE ( ask_id="24" and reporterid="1" ) LIMIT 1   [ RunTime:0.000427s ]
SQL: INSERT INTO `wzd_ask_report` (`ask_id`,`reporterid`) VALUES (24,1) [ RunTime:0.000164s ]
ERR: 1062:Duplicate entry '0' for key 'PRIMARY'
 [ SQL语句 ] : INSERT INTO `wzd_ask_report` (`ask_id`,`reporterid`) VALUES (24,1)

[ 2014-05-18T14:37:36+08:00 ] 127.0.0.1 /wzd/index.php/Report/add
INFO: [ app_begin ] --START--
INFO: ReadHtmlCache Behavior ::run [ RunTime:0.000582s ]
INFO: [ app_begin ] --END-- [ RunTime:0.000668s ]
SQL: SHOW COLUMNS FROM `wzd_ask_report` [ RunTime:0.002770s ]
SQL: SELECT * FROM `wzd_ask_report` WHERE ( ask_id="24" and reporterid="1" ) LIMIT 1   [ RunTime:0.000558s ]
SQL: INSERT INTO `wzd_ask_report` (`ask_id`,`reporterid`) VALUES (24,1) [ RunTime:0.000187s ]
ERR: 1062:Duplicate entry '0' for key 'PRIMARY'
 [ SQL语句 ] : INSERT INTO `wzd_ask_report` (`ask_id`,`reporterid`) VALUES (24,1)

[ 2014-05-18T14:37:50+08:00 ] 127.0.0.1 /wzd/index.php/Report/add
INFO: [ app_begin ] --START--
INFO: ReadHtmlCache Behavior ::run [ RunTime:0.000584s ]
INFO: [ app_begin ] --END-- [ RunTime:0.000658s ]
SQL: SHOW COLUMNS FROM `wzd_ask_report` [ RunTime:0.003091s ]
SQL: SELECT * FROM `wzd_ask_report` WHERE ( ask_id="24" and reporterid="1" ) LIMIT 1   [ RunTime:0.000779s ]
SQL: INSERT INTO `wzd_ask_report` (`ask_id`,`reporterid`) VALUES (24,1) [ RunTime:0.000196s ]
ERR: 1062:Duplicate entry '0' for key 'PRIMARY'
 [ SQL语句 ] : INSERT INTO `wzd_ask_report` (`ask_id`,`reporterid`) VALUES (24,1)

[ 2014-05-18T14:38:43+08:00 ] 127.0.0.1 /wzd/index.php/Report/add
INFO: [ app_begin ] --START--
INFO: ReadHtmlCache Behavior ::run [ RunTime:0.000507s ]
INFO: [ app_begin ] --END-- [ RunTime:0.000568s ]
SQL: SHOW COLUMNS FROM `wzd_ask_report` [ RunTime:0.002756s ]
SQL: SELECT * FROM `wzd_ask_report` WHERE ( ask_id="24" and reporterid="1" ) LIMIT 1   [ RunTime:0.000529s ]
SQL: INSERT INTO `wzd_ask_report` (`ask_id`,`reporterid`) VALUES (24,1) [ RunTime:0.000195s ]
ERR: 1062:Duplicate entry '0' for key 'PRIMARY'
 [ SQL语句 ] : INSERT INTO `wzd_ask_report` (`ask_id`,`reporterid`) VALUES (24,1)
SQL: SELECT * FROM `wzd_ask_report` WHERE ( ask_id="24" and reporterid="1" ) LIMIT 1   [ RunTime:0.000192s ]

[ 2014-05-18T14:39:03+08:00 ] 127.0.0.1 /wzd/index.php/Report/add
INFO: [ app_begin ] --START--
INFO: ReadHtmlCache Behavior ::run [ RunTime:0.000590s ]
INFO: [ app_begin ] --END-- [ RunTime:0.000656s ]
SQL: SHOW COLUMNS FROM `wzd_ask_report` [ RunTime:0.002993s ]
SQL: SELECT * FROM `wzd_ask_report` WHERE ( ask_id="20" and reporterid="1" ) LIMIT 1   [ RunTime:0.000517s ]

[ 2014-05-18T14:39:55+08:00 ] 127.0.0.1 /wzd/index.php/Report/add
INFO: [ app_begin ] --START--
INFO: ReadHtmlCache Behavior ::run [ RunTime:0.000546s ]
INFO: [ app_begin ] --END-- [ RunTime:0.000613s ]
SQL: SHOW COLUMNS FROM `wzd_ask_report` [ RunTime:0.003511s ]
SQL: SELECT * FROM `wzd_ask_report` WHERE ( ask_id="24" and reporterid="1" ) LIMIT 1   [ RunTime:0.000547s ]
SQL: INSERT INTO `wzd_ask_report` (`ask_id`,`reporterid`) VALUES (24,1) [ RunTime:0.000178s ]
ERR: 1062:Duplicate entry '0' for key 'PRIMARY'
 [ SQL语句 ] : INSERT INTO `wzd_ask_report` (`ask_id`,`reporterid`) VALUES (24,1)

[ 2014-05-18T14:39:57+08:00 ] 127.0.0.1 /wzd/index.php/Report/add
INFO: [ app_begin ] --START--
INFO: ReadHtmlCache Behavior ::run [ RunTime:0.001028s ]
INFO: [ app_begin ] --END-- [ RunTime:0.001268s ]
SQL: SHOW COLUMNS FROM `wzd_ask_report` [ RunTime:0.002875s ]
SQL: SELECT * FROM `wzd_ask_report` WHERE ( ask_id="24" and reporterid="1" ) LIMIT 1   [ RunTime:0.000666s ]
SQL: INSERT INTO `wzd_ask_report` (`ask_id`,`reporterid`) VALUES (24,1) [ RunTime:0.000187s ]
ERR: 1062:Duplicate entry '0' for key 'PRIMARY'
 [ SQL语句 ] : INSERT INTO `wzd_ask_report` (`ask_id`,`reporterid`) VALUES (24,1)

[ 2014-05-18T14:39:58+08:00 ] 127.0.0.1 /wzd/index.php/Report/add
INFO: [ app_begin ] --START--
INFO: ReadHtmlCache Behavior ::run [ RunTime:0.000975s ]
INFO: [ app_begin ] --END-- [ RunTime:0.001076s ]
SQL: SHOW COLUMNS FROM `wzd_ask_report` [ RunTime:0.003171s ]
SQL: SELECT * FROM `wzd_ask_report` WHERE ( ask_id="24" and reporterid="1" ) LIMIT 1   [ RunTime:0.000961s ]
SQL: INSERT INTO `wzd_ask_report` (`ask_id`,`reporterid`) VALUES (24,1) [ RunTime:0.000493s ]
ERR: 1062:Duplicate entry '0' for key 'PRIMARY'
 [ SQL语句 ] : INSERT INTO `wzd_ask_report` (`ask_id`,`reporterid`) VALUES (24,1)

[ 2014-05-18T14:40:32+08:00 ] 127.0.0.1 /wzd/index.php/Report/add
INFO: [ app_begin ] --START--
INFO: ReadHtmlCache Behavior ::run [ RunTime:0.000577s ]
INFO: [ app_begin ] --END-- [ RunTime:0.000647s ]
SQL: SHOW COLUMNS FROM `wzd_ask_report` [ RunTime:0.002917s ]
SQL: SELECT * FROM `wzd_ask_report` WHERE ( ask_id="24" and reporterid="1" ) LIMIT 1   [ RunTime:0.000541s ]
SQL: INSERT INTO `wzd_ask_report` (`ask_id`,`reporterid`) VALUES (24,1) [ RunTime:0.000183s ]
ERR: 1062:Duplicate entry '0' for key 'PRIMARY'
 [ SQL语句 ] : INSERT INTO `wzd_ask_report` (`ask_id`,`reporterid`) VALUES (24,1)

[ 2014-05-18T14:41:24+08:00 ] 127.0.0.1 /wzd/index.php/Report/add
INFO: [ app_begin ] --START--
INFO: ReadHtmlCache Behavior ::run [ RunTime:0.000620s ]
INFO: [ app_begin ] --END-- [ RunTime:0.000705s ]
SQL: SHOW COLUMNS FROM `wzd_ask_report` [ RunTime:0.002719s ]
SQL: SELECT * FROM `wzd_ask_report` WHERE ( ask_id="24" and reporterid="1" ) LIMIT 1   [ RunTime:0.000536s ]
SQL: INSERT INTO `wzd_ask_report` (`ask_id`,`reporterid`) VALUES (24,1) [ RunTime:0.000199s ]
ERR: 1062:Duplicate entry '0' for key 'PRIMARY'
 [ SQL语句 ] : INSERT INTO `wzd_ask_report` (`ask_id`,`reporterid`) VALUES (24,1)
INFO: [ view_parse ] --START--
NOTIC: [8] Undefined variable: checkSes E:\lamp\apache\htdocs\wzd\Wzd\Runtime\Cache\c9e574553b2ff9be7e186f8948a42650.php 第 14 行.
INFO: ParseTemplate Behavior ::run [ RunTime:0.008264s ]
INFO: [ view_parse ] --END-- [ RunTime:0.008353s ]
INFO: [ view_filter ] --START--
INFO: ContentReplace Behavior ::run [ RunTime:0.000474s ]
INFO: TokenBuild Behavior ::run [ RunTime:0.000541s ]
INFO: WriteHtmlCache Behavior ::run [ RunTime:0.000586s ]
INFO: ShowRuntime Behavior ::run [ RunTime:0.000868s ]
INFO: [ view_filter ] --END-- [ RunTime:0.002825s ]
INFO: [ view_end ] --START--
INFO: ShowPageTrace Behavior ::run [ RunTime:0.000901s ]
INFO: [ view_end ] --END-- [ RunTime:0.001005s ]

[ 2014-05-18T14:42:50+08:00 ] 127.0.0.1 /wzd/index.php/Report/add
INFO: [ app_begin ] --START--
INFO: ReadHtmlCache Behavior ::run [ RunTime:0.000563s ]
INFO: [ app_begin ] --END-- [ RunTime:0.000636s ]
SQL: SHOW COLUMNS FROM `wzd_ask_report` [ RunTime:0.002853s ]
SQL: SELECT * FROM `wzd_ask_report` WHERE ( ask_id="24" and reporterid="1" ) LIMIT 1   [ RunTime:0.000570s ]
SQL: INSERT INTO `wzd_ask_report` (`ask_id`,`reporterid`) VALUES (24,1) [ RunTime:0.000198s ]
ERR: 1062:Duplicate entry '0' for key 'PRIMARY'
 [ SQL语句 ] : INSERT INTO `wzd_ask_report` (`ask_id`,`reporterid`) VALUES (24,1)

[ 2014-05-18T14:46:23+08:00 ] 127.0.0.1 /wzd/index.php/report/add
INFO: [ app_begin ] --START--
INFO: ReadHtmlCache Behavior ::run [ RunTime:0.000544s ]
INFO: [ app_begin ] --END-- [ RunTime:0.000611s ]
NOTIC: [8] Undefined index:  answer_id E:\lamp\apache\htdocs\wzd\Wzd\Lib\Action\ReportAction.class.php 第 14 行.
SQL: SHOW COLUMNS FROM `wzd_answer_report` [ RunTime:0.002888s ]
SQL: SELECT * FROM `wzd_answer_report` WHERE ( answer_id="" and reporterid="1" ) LIMIT 1   [ RunTime:0.000741s ]
SQL: INSERT INTO `wzd_answer_report` (`answer_id`,`reporterid`) VALUES (null,1) [ RunTime:0.000229s ]
ERR: 1048:Column 'answer_id' cannot be null
 [ SQL语句 ] : INSERT INTO `wzd_answer_report` (`answer_id`,`reporterid`) VALUES (null,1)

[ 2014-05-18T14:48:19+08:00 ] 127.0.0.1 /wzd/index.php/report/add
INFO: [ app_begin ] --START--
INFO: ReadHtmlCache Behavior ::run [ RunTime:0.000673s ]
INFO: [ app_begin ] --END-- [ RunTime:0.000754s ]
NOTIC: [8] Undefined index:  answer_id E:\lamp\apache\htdocs\wzd\Wzd\Lib\Action\ReportAction.class.php 第 14 行.
SQL: SHOW COLUMNS FROM `wzd_answer_report` [ RunTime:0.002937s ]
SQL: SELECT * FROM `wzd_answer_report` WHERE ( answer_id="" and reporterid="1" ) LIMIT 1   [ RunTime:0.000436s ]
SQL: INSERT INTO `wzd_answer_report` (`answer_id`,`reporterid`) VALUES (null,1) [ RunTime:0.000131s ]
ERR: 1048:Column 'answer_id' cannot be null
 [ SQL语句 ] : INSERT INTO `wzd_answer_report` (`answer_id`,`reporterid`) VALUES (null,1)

[ 2014-05-18T14:48:51+08:00 ] 127.0.0.1 /wzd/index.php/report/add
INFO: [ app_begin ] --START--
INFO: ReadHtmlCache Behavior ::run [ RunTime:0.000542s ]
INFO: [ app_begin ] --END-- [ RunTime:0.000610s ]
SQL: SHOW COLUMNS FROM `wzd_answer_report` [ RunTime:0.003011s ]
SQL: SELECT * FROM `wzd_answer_report` WHERE ( answer_id="13" and reporterid="1" ) LIMIT 1   [ RunTime:0.000492s ]
SQL: INSERT INTO `wzd_answer_report` (`answer_id`,`reporterid`) VALUES (13,1) [ RunTime:0.001178s ]

[ 2014-05-18T14:49:03+08:00 ] 127.0.0.1 /wzd/index.php/report/add
INFO: [ app_begin ] --START--
INFO: ReadHtmlCache Behavior ::run [ RunTime:0.000541s ]
INFO: [ app_begin ] --END-- [ RunTime:0.000606s ]
SQL: SHOW COLUMNS FROM `wzd_answer_report` [ RunTime:0.002923s ]
SQL: SELECT * FROM `wzd_answer_report` WHERE ( answer_id="13" and reporterid="1" ) LIMIT 1   [ RunTime:0.000436s ]

[ 2014-05-18T14:49:46+08:00 ] 127.0.0.1 /wzd/index.php/Report/add
INFO: [ app_begin ] --START--
INFO: ReadHtmlCache Behavior ::run [ RunTime:0.000556s ]
INFO: [ app_begin ] --END-- [ RunTime:0.000622s ]
SQL: SHOW COLUMNS FROM `wzd_ask_report` [ RunTime:0.002900s ]
SQL: SELECT * FROM `wzd_ask_report` WHERE ( ask_id="24" and reporterid="1" ) LIMIT 1   [ RunTime:0.000426s ]
SQL: INSERT INTO `wzd_ask_report` (`ask_id`,`reporterid`) VALUES (24,1) [ RunTime:0.000187s ]
ERR: 1062:Duplicate entry '0' for key 'PRIMARY'
 [ SQL语句 ] : INSERT INTO `wzd_ask_report` (`ask_id`,`reporterid`) VALUES (24,1)

[ 2014-05-18T14:50:39+08:00 ] 127.0.0.1 /wzd/index.php/report/add
INFO: [ app_begin ] --START--
INFO: ReadHtmlCache Behavior ::run [ RunTime:0.000603s ]
INFO: [ app_begin ] --END-- [ RunTime:0.000693s ]
SQL: SHOW COLUMNS FROM `wzd_ask_report` [ RunTime:0.003484s ]
SQL: SELECT * FROM `wzd_ask_report` WHERE ( ask_id="24" and reporterid="1" ) LIMIT 1   [ RunTime:0.000667s ]
SQL: INSERT INTO `wzd_ask_report` (`ask_id`,`reporterid`) VALUES (24,1) [ RunTime:0.000158s ]
ERR: 1062:Duplicate entry '0' for key 'PRIMARY'
 [ SQL语句 ] : INSERT INTO `wzd_ask_report` (`ask_id`,`reporterid`) VALUES (24,1)

[ 2014-05-18T14:52:46+08:00 ] 127.0.0.1 /wzd/index.php/favorite/add
INFO: [ app_begin ] --START--
INFO: ReadHtmlCache Behavior ::run [ RunTime:0.001630s ]
INFO: [ app_begin ] --END-- [ RunTime:0.001701s ]
SQL: SHOW COLUMNS FROM `wzd_favorite` [ RunTime:0.003486s ]
SQL: SHOW COLUMNS FROM `wzd_favorite_answer` [ RunTime:0.003745s ]
SQL: SELECT * FROM `wzd_favorite` WHERE ( uid="1" and fid="2" ) LIMIT 1   [ RunTime:0.000347s ]
SQL: SELECT * FROM `wzd_favorite_answer` WHERE ( fid="2" and answer_id="13" ) LIMIT 1   [ RunTime:0.000209s ]

[ 2014-05-18T14:53:17+08:00 ] 127.0.0.1 /wzd/index.php/favorite/add
INFO: [ app_begin ] --START--
INFO: ReadHtmlCache Behavior ::run [ RunTime:0.000606s ]
INFO: [ app_begin ] --END-- [ RunTime:0.000673s ]
SQL: SHOW COLUMNS FROM `wzd_favorite` [ RunTime:0.002766s ]
SQL: SHOW COLUMNS FROM `wzd_favorite_answer` [ RunTime:0.003285s ]
SQL: SELECT * FROM `wzd_favorite` WHERE ( uid="1" and fid="2" ) LIMIT 1   [ RunTime:0.000272s ]
SQL: SELECT * FROM `wzd_favorite_answer` WHERE ( fid="2" and answer_id="14" ) LIMIT 1   [ RunTime:0.000191s ]
SQL: INSERT INTO `wzd_favorite_answer` (`answer_id`,`fid`) VALUES (14,2) [ RunTime:0.001287s ]

[ 2014-05-18T14:57:27+08:00 ] 127.0.0.1 /wzd/index.php/focus/add
INFO: [ app_begin ] --START--
INFO: ReadHtmlCache Behavior ::run [ RunTime:0.000575s ]
INFO: [ app_begin ] --END-- [ RunTime:0.000711s ]

[ 2014-05-18T15:04:21+08:00 ] 127.0.0.1 /wzd/index.php/focus/add
INFO: [ app_begin ] --START--
INFO: ReadHtmlCache Behavior ::run [ RunTime:0.000537s ]
INFO: [ app_begin ] --END-- [ RunTime:0.000598s ]
SQL: SHOW COLUMNS FROM `wzd_focus_asklist` [ RunTime:0.003029s ]
ERR: 1146:Table 'wzd2.wzd_focus_asklist' doesn't exist
 [ SQL语句 ] : SHOW COLUMNS FROM `wzd_focus_asklist`
SQL: SELECT * FROM `wzd_focus_asklist` WHERE ( focusid="24" and uid="1" ) LIMIT 1   [ RunTime:0.000590s ]
ERR: 1146:Table 'wzd2.wzd_focus_asklist' doesn't exist
 [ SQL语句 ] : SELECT * FROM `wzd_focus_asklist` WHERE ( focusid="24" and uid="1" ) LIMIT 1  
SQL: INSERT INTO `wzd_focus_asklist` (`focusid`,`uid`) VALUES ('24','1') [ RunTime:0.000349s ]
ERR: 1146:Table 'wzd2.wzd_focus_asklist' doesn't exist
 [ SQL语句 ] : INSERT INTO `wzd_focus_asklist` (`focusid`,`uid`) VALUES ('24','1')

[ 2014-05-18T15:04:26+08:00 ] 127.0.0.1 /wzd/index.php/focus/add
INFO: [ app_begin ] --START--
INFO: ReadHtmlCache Behavior ::run [ RunTime:0.000628s ]
INFO: [ app_begin ] --END-- [ RunTime:0.000712s ]
SQL: SHOW COLUMNS FROM `wzd_focus_asklist` [ RunTime:0.002790s ]
ERR: 1146:Table 'wzd2.wzd_focus_asklist' doesn't exist
 [ SQL语句 ] : SHOW COLUMNS FROM `wzd_focus_asklist`
SQL: SELECT * FROM `wzd_focus_asklist` WHERE ( focusid="24" and uid="1" ) LIMIT 1   [ RunTime:0.000555s ]
ERR: 1146:Table 'wzd2.wzd_focus_asklist' doesn't exist
 [ SQL语句 ] : SELECT * FROM `wzd_focus_asklist` WHERE ( focusid="24" and uid="1" ) LIMIT 1  
SQL: INSERT INTO `wzd_focus_asklist` (`focusid`,`uid`) VALUES ('24','1') [ RunTime:0.000388s ]
ERR: 1146:Table 'wzd2.wzd_focus_asklist' doesn't exist
 [ SQL语句 ] : INSERT INTO `wzd_focus_asklist` (`focusid`,`uid`) VALUES ('24','1')

[ 2014-05-18T15:05:54+08:00 ] 127.0.0.1 /wzd/index.php/focus/add
INFO: [ app_begin ] --START--
INFO: ReadHtmlCache Behavior ::run [ RunTime:0.000568s ]
INFO: [ app_begin ] --END-- [ RunTime:0.000637s ]
SQL: SHOW COLUMNS FROM `wzd_focus_asklist` [ RunTime:0.002945s ]
ERR: 1146:Table 'wzd2.wzd_focus_asklist' doesn't exist
 [ SQL语句 ] : SHOW COLUMNS FROM `wzd_focus_asklist`
SQL: SELECT * FROM `wzd_focus_asklist` WHERE ( focusid="24" and uid="1" ) LIMIT 1   [ RunTime:0.000484s ]
ERR: 1146:Table 'wzd2.wzd_focus_asklist' doesn't exist
 [ SQL语句 ] : SELECT * FROM `wzd_focus_asklist` WHERE ( focusid="24" and uid="1" ) LIMIT 1  
SQL: INSERT INTO `wzd_focus_asklist` (`focusid`,`uid`) VALUES ('24','1') [ RunTime:0.000497s ]
ERR: 1146:Table 'wzd2.wzd_focus_asklist' doesn't exist
 [ SQL语句 ] : INSERT INTO `wzd_focus_asklist` (`focusid`,`uid`) VALUES ('24','1')

[ 2014-05-18T15:06:32+08:00 ] 127.0.0.1 /wzd/index.php/focus/add
INFO: [ app_begin ] --START--
INFO: ReadHtmlCache Behavior ::run [ RunTime:0.000605s ]
INFO: [ app_begin ] --END-- [ RunTime:0.000691s ]
SQL: SHOW COLUMNS FROM `wzd_focus_asklist` [ RunTime:0.002818s ]
ERR: 1146:Table 'wzd2.wzd_focus_asklist' doesn't exist
 [ SQL语句 ] : SHOW COLUMNS FROM `wzd_focus_asklist`
SQL: SELECT * FROM `wzd_focus_asklist` WHERE ( focusid="24" and uid="1" ) LIMIT 1   [ RunTime:0.000366s ]
ERR: 1146:Table 'wzd2.wzd_focus_asklist' doesn't exist
 [ SQL语句 ] : SELECT * FROM `wzd_focus_asklist` WHERE ( focusid="24" and uid="1" ) LIMIT 1  
SQL: INSERT INTO `wzd_focus_asklist` (`focusid`,`uid`) VALUES ('24','1') [ RunTime:0.000321s ]
ERR: 1146:Table 'wzd2.wzd_focus_asklist' doesn't exist
 [ SQL语句 ] : INSERT INTO `wzd_focus_asklist` (`focusid`,`uid`) VALUES ('24','1')

[ 2014-05-18T15:08:05+08:00 ] 127.0.0.1 /wzd/index.php/report/add
INFO: [ app_begin ] --START--
INFO: ReadHtmlCache Behavior ::run [ RunTime:0.000509s ]
INFO: [ app_begin ] --END-- [ RunTime:0.000596s ]
SQL: SHOW COLUMNS FROM `wzd_ask_report` [ RunTime:0.003031s ]
SQL: SELECT * FROM `wzd_ask_report` WHERE ( ask_id="24" and reporterid="1" ) LIMIT 1   [ RunTime:0.000633s ]
SQL: INSERT INTO `wzd_ask_report` (`ask_id`,`reporterid`) VALUES (24,1) [ RunTime:0.000198s ]
ERR: 1062:Duplicate entry '0' for key 'PRIMARY'
 [ SQL语句 ] : INSERT INTO `wzd_ask_report` (`ask_id`,`reporterid`) VALUES (24,1)

[ 2014-05-18T15:08:10+08:00 ] 127.0.0.1 /wzd/index.php/focus/add
INFO: [ app_begin ] --START--
INFO: ReadHtmlCache Behavior ::run [ RunTime:0.000597s ]
INFO: [ app_begin ] --END-- [ RunTime:0.000664s ]
SQL: SHOW COLUMNS FROM `wzd_focus_asklist` [ RunTime:0.003004s ]
ERR: 1146:Table 'wzd2.wzd_focus_asklist' doesn't exist
 [ SQL语句 ] : SHOW COLUMNS FROM `wzd_focus_asklist`
SQL: SELECT * FROM `wzd_focus_asklist` WHERE ( focusid="24" and uid="1" ) LIMIT 1   [ RunTime:0.000678s ]
ERR: 1146:Table 'wzd2.wzd_focus_asklist' doesn't exist
 [ SQL语句 ] : SELECT * FROM `wzd_focus_asklist` WHERE ( focusid="24" and uid="1" ) LIMIT 1  
SQL: INSERT INTO `wzd_focus_asklist` (`focusid`,`uid`) VALUES ('24','1') [ RunTime:0.000325s ]
ERR: 1146:Table 'wzd2.wzd_focus_asklist' doesn't exist
 [ SQL语句 ] : INSERT INTO `wzd_focus_asklist` (`focusid`,`uid`) VALUES ('24','1')

[ 2014-05-18T15:08:18+08:00 ] 127.0.0.1 /wzd/index.php/focus/add
INFO: [ app_begin ] --START--
INFO: ReadHtmlCache Behavior ::run [ RunTime:0.000582s ]
INFO: [ app_begin ] --END-- [ RunTime:0.000654s ]
SQL: SHOW COLUMNS FROM `wzd_focus_asklist` [ RunTime:0.002796s ]
ERR: 1146:Table 'wzd2.wzd_focus_asklist' doesn't exist
 [ SQL语句 ] : SHOW COLUMNS FROM `wzd_focus_asklist`
SQL: SELECT * FROM `wzd_focus_asklist` WHERE ( focusid="24" and uid="1" ) LIMIT 1   [ RunTime:0.000595s ]
ERR: 1146:Table 'wzd2.wzd_focus_asklist' doesn't exist
 [ SQL语句 ] : SELECT * FROM `wzd_focus_asklist` WHERE ( focusid="24" and uid="1" ) LIMIT 1  
SQL: INSERT INTO `wzd_focus_asklist` (`focusid`,`uid`) VALUES ('24','1') [ RunTime:0.000365s ]
ERR: 1146:Table 'wzd2.wzd_focus_asklist' doesn't exist
 [ SQL语句 ] : INSERT INTO `wzd_focus_asklist` (`focusid`,`uid`) VALUES ('24','1')

[ 2014-05-18T15:08:57+08:00 ] 127.0.0.1 /wzd/index.php/focus/add
INFO: [ app_begin ] --START--
INFO: ReadHtmlCache Behavior ::run [ RunTime:0.000538s ]
INFO: [ app_begin ] --END-- [ RunTime:0.000600s ]
SQL: SHOW COLUMNS FROM `wzd_focus_asklist` [ RunTime:0.002777s ]
ERR: 1146:Table 'wzd2.wzd_focus_asklist' doesn't exist
 [ SQL语句 ] : SHOW COLUMNS FROM `wzd_focus_asklist`
SQL: SELECT * FROM `wzd_focus_asklist` WHERE ( focusid="24" and uid="1" ) LIMIT 1   [ RunTime:0.001043s ]
ERR: 1146:Table 'wzd2.wzd_focus_asklist' doesn't exist
 [ SQL语句 ] : SELECT * FROM `wzd_focus_asklist` WHERE ( focusid="24" and uid="1" ) LIMIT 1  

[ 2014-05-18T15:09:36+08:00 ] 127.0.0.1 /wzd/index.php/focus/add
INFO: [ app_begin ] --START--
INFO: ReadHtmlCache Behavior ::run [ RunTime:0.000540s ]
INFO: [ app_begin ] --END-- [ RunTime:0.000603s ]
SQL: SHOW COLUMNS FROM `wzd_focus_asklist` [ RunTime:0.003064s ]
SQL: SELECT * FROM `wzd_focus_asklist` WHERE ( focusid="24" and uid="1" ) LIMIT 1   [ RunTime:0.000533s ]

[ 2014-05-18T15:09:55+08:00 ] 127.0.0.1 /wzd/index.php/focus/add
INFO: [ app_begin ] --START--
INFO: ReadHtmlCache Behavior ::run [ RunTime:0.000617s ]
INFO: [ app_begin ] --END-- [ RunTime:0.000706s ]
SQL: SHOW COLUMNS FROM `wzd_focus_asklist` [ RunTime:0.003030s ]
SQL: SELECT * FROM `wzd_focus_asklist` WHERE ( focusid="24" and uid="1" ) LIMIT 1   [ RunTime:0.000575s ]

[ 2014-05-18T15:10:10+08:00 ] 127.0.0.1 /wzd/index.php/focus/add
INFO: [ app_begin ] --START--
INFO: ReadHtmlCache Behavior ::run [ RunTime:0.000569s ]
INFO: [ app_begin ] --END-- [ RunTime:0.000634s ]
SQL: SHOW COLUMNS FROM `wzd_focus_asklist` [ RunTime:0.002724s ]
SQL: SELECT * FROM `wzd_focus_asklist` WHERE ( focusid="24" and uid="1" ) LIMIT 1   [ RunTime:0.000718s ]

[ 2014-05-18T15:10:27+08:00 ] 127.0.0.1 /wzd/index.php/focus/add
INFO: [ app_begin ] --START--
INFO: ReadHtmlCache Behavior ::run [ RunTime:0.001832s ]
INFO: [ app_begin ] --END-- [ RunTime:0.001957s ]
SQL: SHOW COLUMNS FROM `wzd_focus_asklist` [ RunTime:0.003006s ]
SQL: SELECT * FROM `wzd_focus_asklist` WHERE ( focusid="24" and uid="1" ) LIMIT 1   [ RunTime:0.001063s ]
SQL: INSERT INTO `wzd_focus_asklist` (`focusid`,`uid`) VALUES (24,1) [ RunTime:0.001133s ]

[ 2014-05-18T15:13:38+08:00 ] 127.0.0.1 /wzd/index.php/report/add
INFO: [ app_begin ] --START--
INFO: ReadHtmlCache Behavior ::run [ RunTime:0.001617s ]
INFO: [ app_begin ] --END-- [ RunTime:0.001691s ]
SQL: SHOW COLUMNS FROM `wzd_answer_report` [ RunTime:0.002849s ]
SQL: SELECT * FROM `wzd_answer_report` WHERE ( answer_id="14" and reporterid="1" ) LIMIT 1   [ RunTime:0.000729s ]
SQL: INSERT INTO `wzd_answer_report` (`answer_id`,`reporterid`) VALUES (14,1) [ RunTime:0.000188s ]
ERR: 1062:Duplicate entry '0' for key 'PRIMARY'
 [ SQL语句 ] : INSERT INTO `wzd_answer_report` (`answer_id`,`reporterid`) VALUES (14,1)

[ 2014-05-18T15:47:02+08:00 ] 127.0.0.1 /wzd/index.php/answers/follow
INFO: [ app_begin ] --START--
INFO: ReadHtmlCache Behavior ::run [ RunTime:0.000808s ]
INFO: [ app_begin ] --END-- [ RunTime:0.000915s ]
SQL: SHOW COLUMNS FROM `wzd_follows` [ RunTime:0.002981s ]
SQL: SELECT * FROM `wzd_follows` WHERE ( answer_id="13" )  [ RunTime:0.000524s ]

[ 2014-05-18T15:47:04+08:00 ] 127.0.0.1 /wzd/index.php/answers/follow
INFO: [ app_begin ] --START--
INFO: ReadHtmlCache Behavior ::run [ RunTime:0.000599s ]
INFO: [ app_begin ] --END-- [ RunTime:0.000686s ]
SQL: SHOW COLUMNS FROM `wzd_follows` [ RunTime:0.003105s ]
SQL: SELECT * FROM `wzd_follows` WHERE ( answer_id="14" )  [ RunTime:0.000399s ]

[ 2014-05-18T15:47:07+08:00 ] 127.0.0.1 /wzd/index.php/answers/follow
INFO: [ app_begin ] --START--
INFO: ReadHtmlCache Behavior ::run [ RunTime:0.000655s ]
INFO: [ app_begin ] --END-- [ RunTime:0.000741s ]
SQL: SHOW COLUMNS FROM `wzd_follows` [ RunTime:0.004149s ]
SQL: SELECT * FROM `wzd_follows` WHERE ( answer_id="13" )  [ RunTime:0.000894s ]

[ 2014-05-18T15:49:28+08:00 ] 127.0.0.1 /wzd/index.php/answers/follow
INFO: [ app_begin ] --START--
INFO: ReadHtmlCache Behavior ::run [ RunTime:0.001181s ]
INFO: [ app_begin ] --END-- [ RunTime:0.001390s ]
SQL: SHOW COLUMNS FROM `wzd_follows` [ RunTime:0.003116s ]
SQL: SELECT * FROM `wzd_follows` WHERE ( answer_id="13" )  [ RunTime:0.000452s ]

[ 2014-05-18T15:49:45+08:00 ] 127.0.0.1 /wzd/index.php/answers/follow
INFO: [ app_begin ] --START--
INFO: ReadHtmlCache Behavior ::run [ RunTime:0.000552s ]
INFO: [ app_begin ] --END-- [ RunTime:0.000617s ]
SQL: SHOW COLUMNS FROM `wzd_follows` [ RunTime:0.003622s ]
SQL: SELECT * FROM `wzd_follows` WHERE ( answer_id="13" )  [ RunTime:0.000886s ]

[ 2014-05-18T15:50:19+08:00 ] 127.0.0.1 /wzd/index.php/answers/follow
INFO: [ app_begin ] --START--
INFO: ReadHtmlCache Behavior ::run [ RunTime:0.000544s ]
INFO: [ app_begin ] --END-- [ RunTime:0.000607s ]
SQL: SHOW COLUMNS FROM `wzd_follows` [ RunTime:0.003424s ]
SQL: SELECT * FROM `wzd_follows` WHERE ( answer_id="13" )  [ RunTime:0.001512s ]

[ 2014-05-18T15:50:37+08:00 ] 127.0.0.1 /wzd/index.php/answers/follow
INFO: [ app_begin ] --START--
INFO: ReadHtmlCache Behavior ::run [ RunTime:0.000610s ]
INFO: [ app_begin ] --END-- [ RunTime:0.000673s ]
SQL: SHOW COLUMNS FROM `wzd_follows` [ RunTime:0.004407s ]
SQL: SELECT * FROM `wzd_follows` WHERE ( answer_id="13" )  [ RunTime:0.000330s ]

[ 2014-05-18T15:50:42+08:00 ] 127.0.0.1 /wzd/index.php/answers/follow
INFO: [ app_begin ] --START--
INFO: ReadHtmlCache Behavior ::run [ RunTime:0.000514s ]
INFO: [ app_begin ] --END-- [ RunTime:0.000574s ]
SQL: SHOW COLUMNS FROM `wzd_follows` [ RunTime:0.003210s ]
SQL: SELECT * FROM `wzd_follows` WHERE ( answer_id="14" )  [ RunTime:0.000928s ]

[ 2014-05-18T15:50:43+08:00 ] 127.0.0.1 /wzd/index.php/answers/follow
INFO: [ app_begin ] --START--
INFO: ReadHtmlCache Behavior ::run [ RunTime:0.000550s ]
INFO: [ app_begin ] --END-- [ RunTime:0.000613s ]
SQL: SHOW COLUMNS FROM `wzd_follows` [ RunTime:0.003233s ]
SQL: SELECT * FROM `wzd_follows` WHERE ( answer_id="14" )  [ RunTime:0.000817s ]

[ 2014-05-18T15:51:50+08:00 ] 127.0.0.1 /wzd/index.php/answers/follow
INFO: [ app_begin ] --START--
INFO: ReadHtmlCache Behavior ::run [ RunTime:0.000591s ]
INFO: [ app_begin ] --END-- [ RunTime:0.000661s ]
SQL: SHOW COLUMNS FROM `wzd_follows` [ RunTime:0.003407s ]
SQL: SELECT * FROM `wzd_follows` WHERE ( answer_id="13" )  [ RunTime:0.000446s ]

[ 2014-05-18T15:52:26+08:00 ] 127.0.0.1 /wzd/index.php/answers/follow
INFO: [ app_begin ] --START--
INFO: ReadHtmlCache Behavior ::run [ RunTime:0.000642s ]
INFO: [ app_begin ] --END-- [ RunTime:0.000724s ]
SQL: SHOW COLUMNS FROM `wzd_follows` [ RunTime:0.003190s ]
SQL: SELECT * FROM `wzd_follows` WHERE ( answer_id="13" )  [ RunTime:0.000420s ]

[ 2014-05-18T15:53:49+08:00 ] 127.0.0.1 /wzd/index.php/answers/follow
INFO: [ app_begin ] --START--
INFO: ReadHtmlCache Behavior ::run [ RunTime:0.001695s ]
INFO: [ app_begin ] --END-- [ RunTime:0.002168s ]
SQL: SHOW COLUMNS FROM `wzd_follows` [ RunTime:0.003073s ]
SQL: SELECT * FROM `wzd_follows` WHERE ( answer_id="13" )  [ RunTime:0.000692s ]

[ 2014-05-18T15:58:10+08:00 ] 127.0.0.1 /wzd/index.php/answers/follow
INFO: [ app_begin ] --START--
INFO: ReadHtmlCache Behavior ::run [ RunTime:0.000620s ]
INFO: [ app_begin ] --END-- [ RunTime:0.000692s ]
SQL: SHOW COLUMNS FROM `wzd_follows` [ RunTime:0.003138s ]
SQL: SELECT * FROM `wzd_follows` WHERE ( answer_id="13" )  [ RunTime:0.000886s ]

[ 2014-05-18T15:58:55+08:00 ] 127.0.0.1 /wzd/index.php/answers/follow
INFO: [ app_begin ] --START--
INFO: ReadHtmlCache Behavior ::run [ RunTime:0.000606s ]
INFO: [ app_begin ] --END-- [ RunTime:0.000678s ]
SQL: SHOW COLUMNS FROM `wzd_follows` [ RunTime:0.005528s ]
SQL: SELECT * FROM `wzd_follows` WHERE ( answer_id="13" )  [ RunTime:0.000897s ]

[ 2014-05-18T16:01:04+08:00 ] 127.0.0.1 /wzd/index.php/answers/follow
INFO: [ app_begin ] --START--
INFO: ReadHtmlCache Behavior ::run [ RunTime:0.001152s ]
INFO: [ app_begin ] --END-- [ RunTime:0.001231s ]
SQL: SHOW COLUMNS FROM `wzd_follows` [ RunTime:0.003160s ]
SQL: SELECT * FROM `wzd_follows` WHERE ( answer_id="13" )  [ RunTime:0.000542s ]

[ 2014-05-18T16:01:13+08:00 ] 127.0.0.1 /wzd/index.php/answers/follow
INFO: [ app_begin ] --START--
INFO: ReadHtmlCache Behavior ::run [ RunTime:0.000677s ]
INFO: [ app_begin ] --END-- [ RunTime:0.001058s ]
SQL: SHOW COLUMNS FROM `wzd_follows` [ RunTime:0.003509s ]
SQL: SELECT * FROM `wzd_follows` WHERE ( answer_id="13" )  [ RunTime:0.001307s ]

[ 2014-05-18T16:27:45+08:00 ] 127.0.0.1 /wzd/index.php/answers/followlist
INFO: [ app_begin ] --START--
INFO: ReadHtmlCache Behavior ::run [ RunTime:0.000558s ]
INFO: [ app_begin ] --END-- [ RunTime:0.000630s ]
SQL: SHOW COLUMNS FROM `wzd_follows` [ RunTime:0.003136s ]
SQL: SELECT * FROM `wzd_follows` WHERE ( answer_id="13" )  [ RunTime:0.000632s ]

[ 2014-05-18T16:27:48+08:00 ] 127.0.0.1 /wzd/index.php/answers/followadd
INFO: [ app_begin ] --START--
INFO: ReadHtmlCache Behavior ::run [ RunTime:0.000556s ]
INFO: [ app_begin ] --END-- [ RunTime:0.000643s ]
NOTIC: [8] date_default_timezone_set() [<a href='function.date-default-timezone-set'>function.date-default-timezone-set</a>]: Timezone ID 'RPC' is invalid E:\lamp\apache\htdocs\wzd\Wzd\Lib\Action\CommonAction.class.php 第 78 行.
SQL: SHOW COLUMNS FROM `wzd_follows` [ RunTime:0.003616s ]
SQL: INSERT INTO `wzd_follows` (`answer_id`,`pid`,`content`,`uid`,`createtime`) VALUES (13,0,'方法',1,'2014-05-18 16:27:48') [ RunTime:0.001739s ]

[ 2014-05-18T16:28:05+08:00 ] 127.0.0.1 /wzd/index.php/answers/followlist
INFO: [ app_begin ] --START--
INFO: ReadHtmlCache Behavior ::run [ RunTime:0.000590s ]
INFO: [ app_begin ] --END-- [ RunTime:0.000658s ]
SQL: SHOW COLUMNS FROM `wzd_follows` [ RunTime:0.003043s ]
SQL: SELECT * FROM `wzd_follows` WHERE ( answer_id="13" )  [ RunTime:0.000517s ]

[ 2014-05-18T16:28:07+08:00 ] 127.0.0.1 /wzd/index.php/answers/followlist
INFO: [ app_begin ] --START--
INFO: ReadHtmlCache Behavior ::run [ RunTime:0.000574s ]
INFO: [ app_begin ] --END-- [ RunTime:0.000661s ]
SQL: SHOW COLUMNS FROM `wzd_follows` [ RunTime:0.003120s ]
SQL: SELECT * FROM `wzd_follows` WHERE ( answer_id="13" )  [ RunTime:0.000478s ]

[ 2014-05-18T16:28:08+08:00 ] 127.0.0.1 /wzd/index.php/answers/followlist
INFO: [ app_begin ] --START--
INFO: ReadHtmlCache Behavior ::run [ RunTime:0.000541s ]
INFO: [ app_begin ] --END-- [ RunTime:0.000613s ]
SQL: SHOW COLUMNS FROM `wzd_follows` [ RunTime:0.004285s ]
SQL: SELECT * FROM `wzd_follows` WHERE ( answer_id="13" )  [ RunTime:0.000740s ]

[ 2014-05-18T16:29:19+08:00 ] 127.0.0.1 /wzd/index.php/answers/followlist
INFO: [ app_begin ] --START--
INFO: ReadHtmlCache Behavior ::run [ RunTime:0.000542s ]
INFO: [ app_begin ] --END-- [ RunTime:0.000602s ]
SQL: SHOW COLUMNS FROM `wzd_follows` [ RunTime:0.032153s ]
SQL: SELECT * FROM `wzd_follows` WHERE ( answer_id="13" )  [ RunTime:0.000310s ]

[ 2014-05-18T16:29:38+08:00 ] 127.0.0.1 /wzd/index.php/answers/followlist
INFO: [ app_begin ] --START--
INFO: ReadHtmlCache Behavior ::run [ RunTime:0.000661s ]
INFO: [ app_begin ] --END-- [ RunTime:0.000798s ]
SQL: SHOW COLUMNS FROM `wzd_follows` [ RunTime:0.003110s ]
SQL: SELECT * FROM `wzd_follows` WHERE ( answer_id="13" )  [ RunTime:0.000639s ]

[ 2014-05-18T16:29:59+08:00 ] 127.0.0.1 /wzd/index.php/answers/followlist
INFO: [ app_begin ] --START--
INFO: ReadHtmlCache Behavior ::run [ RunTime:0.000606s ]
INFO: [ app_begin ] --END-- [ RunTime:0.000673s ]
SQL: SHOW COLUMNS FROM `wzd_follows` [ RunTime:0.003376s ]
SQL: SELECT * FROM `wzd_follows` WHERE ( answer_id="14" )  [ RunTime:0.000360s ]

[ 2014-05-18T16:30:00+08:00 ] 127.0.0.1 /wzd/index.php/answers/followlist
INFO: [ app_begin ] --START--
INFO: ReadHtmlCache Behavior ::run [ RunTime:0.000829s ]
INFO: [ app_begin ] --END-- [ RunTime:0.000939s ]
SQL: SHOW COLUMNS FROM `wzd_follows` [ RunTime:0.003002s ]
SQL: SELECT * FROM `wzd_follows` WHERE ( answer_id="14" )  [ RunTime:0.000668s ]

[ 2014-05-18T16:30:03+08:00 ] 127.0.0.1 /wzd/index.php/answers/followlist
INFO: [ app_begin ] --START--
INFO: ReadHtmlCache Behavior ::run [ RunTime:0.000945s ]
INFO: [ app_begin ] --END-- [ RunTime:0.001097s ]
SQL: SHOW COLUMNS FROM `wzd_follows` [ RunTime:0.003219s ]
SQL: SELECT * FROM `wzd_follows` WHERE ( answer_id="14" )  [ RunTime:0.000595s ]

[ 2014-05-18T16:30:03+08:00 ] 127.0.0.1 /wzd/index.php/answers/followlist
INFO: [ app_begin ] --START--
INFO: ReadHtmlCache Behavior ::run [ RunTime:0.000562s ]
INFO: [ app_begin ] --END-- [ RunTime:0.000648s ]
SQL: SHOW COLUMNS FROM `wzd_follows` [ RunTime:0.003201s ]
SQL: SELECT * FROM `wzd_follows` WHERE ( answer_id="14" )  [ RunTime:0.000396s ]

[ 2014-05-18T16:30:04+08:00 ] 127.0.0.1 /wzd/index.php/answers/followlist
INFO: [ app_begin ] --START--
INFO: ReadHtmlCache Behavior ::run [ RunTime:0.000651s ]
INFO: [ app_begin ] --END-- [ RunTime:0.000720s ]
SQL: SHOW COLUMNS FROM `wzd_follows` [ RunTime:0.003561s ]
SQL: SELECT * FROM `wzd_follows` WHERE ( answer_id="14" )  [ RunTime:0.000806s ]

[ 2014-05-18T16:30:07+08:00 ] 127.0.0.1 /wzd/index.php/answers/followlist
INFO: [ app_begin ] --START--
INFO: ReadHtmlCache Behavior ::run [ RunTime:0.000655s ]
INFO: [ app_begin ] --END-- [ RunTime:0.000797s ]
SQL: SHOW COLUMNS FROM `wzd_follows` [ RunTime:0.003360s ]
SQL: SELECT * FROM `wzd_follows` WHERE ( answer_id="13" )  [ RunTime:0.000738s ]

[ 2014-05-18T16:30:09+08:00 ] 127.0.0.1 /wzd/index.php/answers/followlist
INFO: [ app_begin ] --START--
INFO: ReadHtmlCache Behavior ::run [ RunTime:0.000631s ]
INFO: [ app_begin ] --END-- [ RunTime:0.000699s ]
SQL: SHOW COLUMNS FROM `wzd_follows` [ RunTime:0.003176s ]
SQL: SELECT * FROM `wzd_follows` WHERE ( answer_id="13" )  [ RunTime:0.000830s ]

[ 2014-05-18T16:30:09+08:00 ] 127.0.0.1 /wzd/index.php/answers/followlist
INFO: [ app_begin ] --START--
INFO: ReadHtmlCache Behavior ::run [ RunTime:0.000578s ]
INFO: [ app_begin ] --END-- [ RunTime:0.000647s ]
SQL: SHOW COLUMNS FROM `wzd_follows` [ RunTime:0.003255s ]
SQL: SELECT * FROM `wzd_follows` WHERE ( answer_id="13" )  [ RunTime:0.000479s ]

[ 2014-05-18T16:30:10+08:00 ] 127.0.0.1 /wzd/index.php/answers/followlist
INFO: [ app_begin ] --START--
INFO: ReadHtmlCache Behavior ::run [ RunTime:0.000578s ]
INFO: [ app_begin ] --END-- [ RunTime:0.000665s ]
SQL: SHOW COLUMNS FROM `wzd_follows` [ RunTime:0.004455s ]
SQL: SELECT * FROM `wzd_follows` WHERE ( answer_id="13" )  [ RunTime:0.000806s ]

[ 2014-05-18T16:30:25+08:00 ] 127.0.0.1 /wzd/index.php/answers/followlist
INFO: [ app_begin ] --START--
INFO: ReadHtmlCache Behavior ::run [ RunTime:0.000548s ]
INFO: [ app_begin ] --END-- [ RunTime:0.000636s ]
SQL: SHOW COLUMNS FROM `wzd_follows` [ RunTime:0.003037s ]
SQL: SELECT * FROM `wzd_follows` WHERE ( answer_id="13" )  [ RunTime:0.000275s ]

[ 2014-05-18T16:31:08+08:00 ] 127.0.0.1 /wzd/index.php/answers/followlist
INFO: [ app_begin ] --START--
INFO: ReadHtmlCache Behavior ::run [ RunTime:0.000873s ]
INFO: [ app_begin ] --END-- [ RunTime:0.000959s ]
SQL: SHOW COLUMNS FROM `wzd_follows` [ RunTime:0.003285s ]
SQL: SELECT * FROM `wzd_follows` WHERE ( answer_id="13" )  [ RunTime:0.000726s ]

[ 2014-05-18T16:32:06+08:00 ] 127.0.0.1 /wzd/index.php/answers/followlist
INFO: [ app_begin ] --START--
INFO: ReadHtmlCache Behavior ::run [ RunTime:0.000563s ]
INFO: [ app_begin ] --END-- [ RunTime:0.000626s ]
SQL: SHOW COLUMNS FROM `wzd_follows` [ RunTime:0.003294s ]
SQL: SELECT * FROM `wzd_follows` WHERE ( answer_id="13" )  [ RunTime:0.000348s ]

[ 2014-05-18T16:32:11+08:00 ] 127.0.0.1 /wzd/index.php/answers/followadd
INFO: [ app_begin ] --START--
INFO: ReadHtmlCache Behavior ::run [ RunTime:0.000550s ]
INFO: [ app_begin ] --END-- [ RunTime:0.000617s ]
NOTIC: [8] date_default_timezone_set() [<a href='function.date-default-timezone-set'>function.date-default-timezone-set</a>]: Timezone ID 'RPC' is invalid E:\lamp\apache\htdocs\wzd\Wzd\Lib\Action\CommonAction.class.php 第 78 行.
SQL: SHOW COLUMNS FROM `wzd_follows` [ RunTime:0.002991s ]
SQL: INSERT INTO `wzd_follows` (`answer_id`,`pid`,`content`,`uid`,`createtime`) VALUES (13,0,'但是放到是',1,'2014-05-18 16:32:11') [ RunTime:0.001798s ]

[ 2014-05-18T16:32:14+08:00 ] 127.0.0.1 /wzd/index.php/answers/followlist
INFO: [ app_begin ] --START--
INFO: ReadHtmlCache Behavior ::run [ RunTime:0.000609s ]
INFO: [ app_begin ] --END-- [ RunTime:0.000681s ]
SQL: SHOW COLUMNS FROM `wzd_follows` [ RunTime:0.003051s ]
SQL: SELECT * FROM `wzd_follows` WHERE ( answer_id="13" )  [ RunTime:0.000352s ]

[ 2014-05-18T16:32:51+08:00 ] 127.0.0.1 /wzd/index.php/answers/followlist
INFO: [ app_begin ] --START--
INFO: ReadHtmlCache Behavior ::run [ RunTime:0.000560s ]
INFO: [ app_begin ] --END-- [ RunTime:0.000633s ]
SQL: SHOW COLUMNS FROM `wzd_follows` [ RunTime:0.003175s ]
SQL: SELECT * FROM `wzd_follows` WHERE ( answer_id="13" )  [ RunTime:0.001026s ]

[ 2014-05-18T16:33:00+08:00 ] 127.0.0.1 /wzd/index.php/answers/followlist
INFO: [ app_begin ] --START--
INFO: ReadHtmlCache Behavior ::run [ RunTime:0.000532s ]
INFO: [ app_begin ] --END-- [ RunTime:0.000593s ]
SQL: SHOW COLUMNS FROM `wzd_follows` [ RunTime:0.003205s ]
SQL: SELECT * FROM `wzd_follows` WHERE ( answer_id="13" )  [ RunTime:0.000642s ]

[ 2014-05-18T16:33:12+08:00 ] 127.0.0.1 /wzd/index.php/answers/followlist
INFO: [ app_begin ] --START--
INFO: ReadHtmlCache Behavior ::run [ RunTime:0.000583s ]
INFO: [ app_begin ] --END-- [ RunTime:0.000647s ]
SQL: SHOW COLUMNS FROM `wzd_follows` [ RunTime:0.003103s ]
SQL: SELECT * FROM `wzd_follows` WHERE ( answer_id="13" )  [ RunTime:0.000417s ]

[ 2014-05-18T16:33:26+08:00 ] 127.0.0.1 /wzd/index.php/answers/followlist
INFO: [ app_begin ] --START--
INFO: ReadHtmlCache Behavior ::run [ RunTime:0.000551s ]
INFO: [ app_begin ] --END-- [ RunTime:0.000617s ]
SQL: SHOW COLUMNS FROM `wzd_follows` [ RunTime:0.003130s ]
SQL: SELECT * FROM `wzd_follows` WHERE ( answer_id="13" )  [ RunTime:0.000609s ]

[ 2014-05-18T16:35:28+08:00 ] 127.0.0.1 /wzd/index.php/answers/followlist
INFO: [ app_begin ] --START--
INFO: ReadHtmlCache Behavior ::run [ RunTime:0.000591s ]
INFO: [ app_begin ] --END-- [ RunTime:0.000674s ]
SQL: SHOW COLUMNS FROM `wzd_follows` [ RunTime:0.003051s ]
SQL: SELECT * FROM `wzd_follows` WHERE ( answer_id="13" )  [ RunTime:0.000474s ]

[ 2014-05-18T16:35:38+08:00 ] 127.0.0.1 /wzd/index.php/answers/followadd
INFO: [ app_begin ] --START--
INFO: ReadHtmlCache Behavior ::run [ RunTime:0.000554s ]
INFO: [ app_begin ] --END-- [ RunTime:0.000618s ]
NOTIC: [8] date_default_timezone_set() [<a href='function.date-default-timezone-set'>function.date-default-timezone-set</a>]: Timezone ID 'RPC' is invalid E:\lamp\apache\htdocs\wzd\Wzd\Lib\Action\CommonAction.class.php 第 78 行.
SQL: SHOW COLUMNS FROM `wzd_follows` [ RunTime:0.003011s ]
SQL: INSERT INTO `wzd_follows` (`answer_id`,`pid`,`content`,`uid`,`createtime`) VALUES (13,1,'',1,'2014-05-18 16:35:38') [ RunTime:0.032590s ]

[ 2014-05-18T16:38:40+08:00 ] 127.0.0.1 /wzd/index.php/answers/followlist
INFO: [ app_begin ] --START--
INFO: ReadHtmlCache Behavior ::run [ RunTime:0.000611s ]
INFO: [ app_begin ] --END-- [ RunTime:0.000683s ]
SQL: SHOW COLUMNS FROM `wzd_follows` [ RunTime:0.003145s ]
SQL: SELECT * FROM `wzd_follows` WHERE ( answer_id="13" )  [ RunTime:0.000554s ]

[ 2014-05-18T16:39:31+08:00 ] 127.0.0.1 /wzd/index.php/answers/followlist
INFO: [ app_begin ] --START--
INFO: ReadHtmlCache Behavior ::run [ RunTime:0.000621s ]
INFO: [ app_begin ] --END-- [ RunTime:0.000697s ]
SQL: SHOW COLUMNS FROM `wzd_follows` [ RunTime:0.004840s ]
SQL: SELECT * FROM `wzd_follows` WHERE ( answer_id="13" )  [ RunTime:0.000304s ]

[ 2014-05-18T16:39:55+08:00 ] 127.0.0.1 /wzd/index.php/answers/followlist
INFO: [ app_begin ] --START--
INFO: ReadHtmlCache Behavior ::run [ RunTime:0.000700s ]
INFO: [ app_begin ] --END-- [ RunTime:0.000786s ]
SQL: SHOW COLUMNS FROM `wzd_follows` [ RunTime:0.003442s ]
SQL: SELECT * FROM `wzd_follows` WHERE ( answer_id="13" )  [ RunTime:0.000850s ]

[ 2014-05-18T16:40:33+08:00 ] 127.0.0.1 /wzd/index.php/answers/followlist
INFO: [ app_begin ] --START--
INFO: ReadHtmlCache Behavior ::run [ RunTime:0.000580s ]
INFO: [ app_begin ] --END-- [ RunTime:0.000641s ]
SQL: SHOW COLUMNS FROM `wzd_follows` [ RunTime:0.004350s ]
SQL: SELECT * FROM `wzd_follows` WHERE ( answer_id="13" )  [ RunTime:0.001197s ]

[ 2014-05-18T16:41:43+08:00 ] 127.0.0.1 /wzd/index.php/answers/followlist
INFO: [ app_begin ] --START--
INFO: ReadHtmlCache Behavior ::run [ RunTime:0.000604s ]
INFO: [ app_begin ] --END-- [ RunTime:0.000678s ]
SQL: SHOW COLUMNS FROM `wzd_follows` [ RunTime:0.004629s ]
SQL: SELECT * FROM `wzd_follows` WHERE ( answer_id="13" )  [ RunTime:0.000772s ]

[ 2014-05-18T16:41:46+08:00 ] 127.0.0.1 /wzd/index.php/answers/followadd
INFO: [ app_begin ] --START--
INFO: ReadHtmlCache Behavior ::run [ RunTime:0.001126s ]
INFO: [ app_begin ] --END-- [ RunTime:0.001221s ]
NOTIC: [8] date_default_timezone_set() [<a href='function.date-default-timezone-set'>function.date-default-timezone-set</a>]: Timezone ID 'RPC' is invalid E:\lamp\apache\htdocs\wzd\Wzd\Lib\Action\CommonAction.class.php 第 78 行.
SQL: SHOW COLUMNS FROM `wzd_follows` [ RunTime:0.003223s ]
SQL: INSERT INTO `wzd_follows` (`answer_id`,`pid`,`content`,`uid`,`createtime`) VALUES (13,1,'999',1,'2014-05-18 16:41:46') [ RunTime:0.005697s ]

[ 2014-05-18T16:42:06+08:00 ] 127.0.0.1 /wzd/index.php/answers/followlist
INFO: [ app_begin ] --START--
INFO: ReadHtmlCache Behavior ::run [ RunTime:0.001294s ]
INFO: [ app_begin ] --END-- [ RunTime:0.001460s ]
SQL: SHOW COLUMNS FROM `wzd_follows` [ RunTime:0.003175s ]
SQL: SELECT * FROM `wzd_follows` WHERE ( answer_id="13" )  [ RunTime:0.000517s ]

[ 2014-05-18T16:51:36+08:00 ] 127.0.0.1 /wzd/index.php/answers/followlist
INFO: [ app_begin ] --START--
INFO: ReadHtmlCache Behavior ::run [ RunTime:0.000589s ]
INFO: [ app_begin ] --END-- [ RunTime:0.000667s ]
NOTIC: [8] Undefined index:  is_login E:\lamp\apache\htdocs\wzd\Wzd\Lib\Action\CommonAction.class.php 第 14 行.

[ 2014-05-18T16:51:36+08:00 ] 127.0.0.1 /wzd/index.php/public/login.html
INFO: [ app_begin ] --START--
INFO: ReadHtmlCache Behavior ::run [ RunTime:0.000558s ]
INFO: [ app_begin ] --END-- [ RunTime:0.000627s ]
INFO: [ view_parse ] --START--
INFO: ParseTemplate Behavior ::run [ RunTime:0.007741s ]
INFO: [ view_parse ] --END-- [ RunTime:0.007882s ]
INFO: [ view_filter ] --START--
INFO: ContentReplace Behavior ::run [ RunTime:0.000479s ]
INFO: TokenBuild Behavior ::run [ RunTime:0.000639s ]
INFO: WriteHtmlCache Behavior ::run [ RunTime:0.000834s ]
INFO: ShowRuntime Behavior ::run [ RunTime:0.001154s ]
INFO: [ view_filter ] --END-- [ RunTime:0.003538s ]
INFO: [ view_end ] --START--
INFO: ShowPageTrace Behavior ::run [ RunTime:0.002950s ]
INFO: [ view_end ] --END-- [ RunTime:0.003104s ]

[ 2014-05-18T16:51:41+08:00 ] 127.0.0.1 /wzd/index.php/answers/followlist
INFO: [ app_begin ] --START--
INFO: ReadHtmlCache Behavior ::run [ RunTime:0.000569s ]
INFO: [ app_begin ] --END-- [ RunTime:0.000635s ]
NOTIC: [8] Undefined index:  is_login E:\lamp\apache\htdocs\wzd\Wzd\Lib\Action\CommonAction.class.php 第 14 行.

[ 2014-05-18T16:51:42+08:00 ] 127.0.0.1 /wzd/index.php/public/login.html
INFO: [ app_begin ] --START--
INFO: ReadHtmlCache Behavior ::run [ RunTime:0.000589s ]
INFO: [ app_begin ] --END-- [ RunTime:0.000653s ]
INFO: [ view_parse ] --START--
INFO: ParseTemplate Behavior ::run [ RunTime:0.009107s ]
INFO: [ view_parse ] --END-- [ RunTime:0.009272s ]
INFO: [ view_filter ] --START--
INFO: ContentReplace Behavior ::run [ RunTime:0.000418s ]
INFO: TokenBuild Behavior ::run [ RunTime:0.000407s ]
INFO: WriteHtmlCache Behavior ::run [ RunTime:0.000296s ]
INFO: ShowRuntime Behavior ::run [ RunTime:0.000945s ]
INFO: [ view_filter ] --END-- [ RunTime:0.002327s ]
INFO: [ view_end ] --START--
INFO: ShowPageTrace Behavior ::run [ RunTime:0.003274s ]
INFO: [ view_end ] --END-- [ RunTime:0.003380s ]

[ 2014-05-18T16:51:45+08:00 ] 127.0.0.1 /wzd/index.php/answers/followlist
INFO: [ app_begin ] --START--
INFO: ReadHtmlCache Behavior ::run [ RunTime:0.001067s ]
INFO: [ app_begin ] --END-- [ RunTime:0.001217s ]
NOTIC: [8] Undefined index:  is_login E:\lamp\apache\htdocs\wzd\Wzd\Lib\Action\CommonAction.class.php 第 14 行.

[ 2014-05-18T16:51:45+08:00 ] 127.0.0.1 /wzd/index.php/public/login.html
INFO: [ app_begin ] --START--
INFO: ReadHtmlCache Behavior ::run [ RunTime:0.000585s ]
INFO: [ app_begin ] --END-- [ RunTime:0.000663s ]
INFO: [ view_parse ] --START--
INFO: ParseTemplate Behavior ::run [ RunTime:0.009321s ]
INFO: [ view_parse ] --END-- [ RunTime:0.009535s ]
INFO: [ view_filter ] --START--
INFO: ContentReplace Behavior ::run [ RunTime:0.000690s ]
INFO: TokenBuild Behavior ::run [ RunTime:0.004056s ]
INFO: WriteHtmlCache Behavior ::run [ RunTime:0.001143s ]
INFO: ShowRuntime Behavior ::run [ RunTime:0.000984s ]
INFO: [ view_filter ] --END-- [ RunTime:0.007318s ]
INFO: [ view_end ] --START--
INFO: ShowPageTrace Behavior ::run [ RunTime:0.003415s ]
INFO: [ view_end ] --END-- [ RunTime:0.003537s ]

[ 2014-05-18T16:52:30+08:00 ] 127.0.0.1 /wzd/index.php/answers/followlist
INFO: [ app_begin ] --START--
INFO: ReadHtmlCache Behavior ::run [ RunTime:0.000826s ]
INFO: [ app_begin ] --END-- [ RunTime:0.000918s ]
SQL: SHOW COLUMNS FROM `wzd_follows` [ RunTime:0.005194s ]
SQL: SELECT * FROM `wzd_follows` WHERE ( answer_id="13" )  [ RunTime:0.000782s ]
SQL: SHOW COLUMNS FROM `wzd_user` [ RunTime:0.003637s ]
SQL: SELECT `realname` FROM `wzd_user` WHERE ( uid=1 ) LIMIT 1   [ RunTime:0.000436s ]
ERR: 1054:Unknown column 'uid' in 'where clause'
 [ SQL语句 ] : SELECT `realname` FROM `wzd_user` WHERE ( uid=1 ) LIMIT 1  
SQL: SELECT `uid` FROM `wzd_follows` WHERE ( id="0" ) LIMIT 1   [ RunTime:0.000211s ]
SQL: SELECT `realname` FROM `wzd_user` WHERE ( id= ) LIMIT 1   [ RunTime:0.000774s ]
ERR: 1064:You have an error in your SQL syntax; check the manual that corresponds to your MySQL server version for the right syntax to use near ') LIMIT 1' at line 1
 [ SQL语句 ] : SELECT `realname` FROM `wzd_user` WHERE ( id= ) LIMIT 1  
SQL: SELECT `realname` FROM `wzd_user` WHERE ( uid=1 ) LIMIT 1   [ RunTime:0.000606s ]
ERR: 1054:Unknown column 'uid' in 'where clause'
 [ SQL语句 ] : SELECT `realname` FROM `wzd_user` WHERE ( uid=1 ) LIMIT 1  
SQL: SELECT `uid` FROM `wzd_follows` WHERE ( id="0" ) LIMIT 1   [ RunTime:0.000184s ]
SQL: SELECT `realname` FROM `wzd_user` WHERE ( id= ) LIMIT 1   [ RunTime:0.000119s ]
ERR: 1064:You have an error in your SQL syntax; check the manual that corresponds to your MySQL server version for the right syntax to use near ') LIMIT 1' at line 1
 [ SQL语句 ] : SELECT `realname` FROM `wzd_user` WHERE ( id= ) LIMIT 1  
SQL: SELECT `realname` FROM `wzd_user` WHERE ( uid=1 ) LIMIT 1   [ RunTime:0.000128s ]
ERR: 1054:Unknown column 'uid' in 'where clause'
 [ SQL语句 ] : SELECT `realname` FROM `wzd_user` WHERE ( uid=1 ) LIMIT 1  
SQL: SELECT `uid` FROM `wzd_follows` WHERE ( id="1" ) LIMIT 1   [ RunTime:0.000234s ]
SQL: SELECT `realname` FROM `wzd_user` WHERE ( id=1 ) LIMIT 1   [ RunTime:0.000194s ]
SQL: SELECT `realname` FROM `wzd_user` WHERE ( uid=1 ) LIMIT 1   [ RunTime:0.000147s ]
ERR: 1054:Unknown column 'uid' in 'where clause'
 [ SQL语句 ] : SELECT `realname` FROM `wzd_user` WHERE ( uid=1 ) LIMIT 1  
SQL: SELECT `uid` FROM `wzd_follows` WHERE ( id="1" ) LIMIT 1   [ RunTime:0.000214s ]
SQL: SELECT `realname` FROM `wzd_user` WHERE ( id=1 ) LIMIT 1   [ RunTime:0.000179s ]

[ 2014-05-18T16:53:08+08:00 ] 127.0.0.1 /wzd/index.php/answers/followlist
INFO: [ app_begin ] --START--
INFO: ReadHtmlCache Behavior ::run [ RunTime:0.000544s ]
INFO: [ app_begin ] --END-- [ RunTime:0.000607s ]
SQL: SHOW COLUMNS FROM `wzd_follows` [ RunTime:0.003297s ]
SQL: SELECT * FROM `wzd_follows` WHERE ( answer_id="13" )  [ RunTime:0.000571s ]
SQL: SHOW COLUMNS FROM `wzd_user` [ RunTime:0.003641s ]
SQL: SELECT `realname` FROM `wzd_user` WHERE ( id=1 ) LIMIT 1   [ RunTime:0.018614s ]
SQL: SELECT `uid` FROM `wzd_follows` WHERE ( id="0" ) LIMIT 1   [ RunTime:0.000203s ]
SQL: SELECT `realname` FROM `wzd_user` WHERE ( id= ) LIMIT 1   [ RunTime:0.000120s ]
ERR: 1064:You have an error in your SQL syntax; check the manual that corresponds to your MySQL server version for the right syntax to use near ') LIMIT 1' at line 1
 [ SQL语句 ] : SELECT `realname` FROM `wzd_user` WHERE ( id= ) LIMIT 1  
SQL: SELECT `realname` FROM `wzd_user` WHERE ( id=1 ) LIMIT 1   [ RunTime:0.000154s ]
SQL: SELECT `uid` FROM `wzd_follows` WHERE ( id="0" ) LIMIT 1   [ RunTime:0.000140s ]
SQL: SELECT `realname` FROM `wzd_user` WHERE ( id= ) LIMIT 1   [ RunTime:0.000142s ]
ERR: 1064:You have an error in your SQL syntax; check the manual that corresponds to your MySQL server version for the right syntax to use near ') LIMIT 1' at line 1
 [ SQL语句 ] : SELECT `realname` FROM `wzd_user` WHERE ( id= ) LIMIT 1  
SQL: SELECT `realname` FROM `wzd_user` WHERE ( id=1 ) LIMIT 1   [ RunTime:0.000156s ]
SQL: SELECT `uid` FROM `wzd_follows` WHERE ( id="1" ) LIMIT 1   [ RunTime:0.000153s ]
SQL: SELECT `realname` FROM `wzd_user` WHERE ( id=1 ) LIMIT 1   [ RunTime:0.000135s ]
SQL: SELECT `realname` FROM `wzd_user` WHERE ( id=1 ) LIMIT 1   [ RunTime:0.000170s ]
SQL: SELECT `uid` FROM `wzd_follows` WHERE ( id="1" ) LIMIT 1   [ RunTime:0.000169s ]
SQL: SELECT `realname` FROM `wzd_user` WHERE ( id=1 ) LIMIT 1   [ RunTime:0.000178s ]

[ 2014-05-18T16:53:25+08:00 ] 127.0.0.1 /wzd/index.php/answers/followlist
INFO: [ app_begin ] --START--
INFO: ReadHtmlCache Behavior ::run [ RunTime:0.000537s ]
INFO: [ app_begin ] --END-- [ RunTime:0.000596s ]
SQL: SHOW COLUMNS FROM `wzd_follows` [ RunTime:0.003206s ]
SQL: SELECT * FROM `wzd_follows` WHERE ( answer_id="13" )  [ RunTime:0.000688s ]
SQL: SHOW COLUMNS FROM `wzd_user` [ RunTime:0.003661s ]
SQL: SELECT `realname` FROM `wzd_user` WHERE ( id=1 ) LIMIT 1   [ RunTime:0.000691s ]
SQL: SELECT `uid` FROM `wzd_follows` WHERE ( id="0" ) LIMIT 1   [ RunTime:0.000181s ]
SQL: SELECT `realname` FROM `wzd_user` WHERE ( id= ) LIMIT 1   [ RunTime:0.000093s ]
ERR: 1064:You have an error in your SQL syntax; check the manual that corresponds to your MySQL server version for the right syntax to use near ') LIMIT 1' at line 1
 [ SQL语句 ] : SELECT `realname` FROM `wzd_user` WHERE ( id= ) LIMIT 1  
SQL: SELECT `realname` FROM `wzd_user` WHERE ( id=1 ) LIMIT 1   [ RunTime:0.000138s ]
SQL: SELECT `uid` FROM `wzd_follows` WHERE ( id="0" ) LIMIT 1   [ RunTime:0.000137s ]
SQL: SELECT `realname` FROM `wzd_user` WHERE ( id= ) LIMIT 1   [ RunTime:0.000084s ]
ERR: 1064:You have an error in your SQL syntax; check the manual that corresponds to your MySQL server version for the right syntax to use near ') LIMIT 1' at line 1
 [ SQL语句 ] : SELECT `realname` FROM `wzd_user` WHERE ( id= ) LIMIT 1  
SQL: SELECT `realname` FROM `wzd_user` WHERE ( id=1 ) LIMIT 1   [ RunTime:0.000129s ]
SQL: SELECT `uid` FROM `wzd_follows` WHERE ( id="1" ) LIMIT 1   [ RunTime:0.000121s ]
SQL: SELECT `realname` FROM `wzd_user` WHERE ( id=1 ) LIMIT 1   [ RunTime:0.000164s ]
SQL: SELECT `realname` FROM `wzd_user` WHERE ( id=1 ) LIMIT 1   [ RunTime:0.000149s ]
SQL: SELECT `uid` FROM `wzd_follows` WHERE ( id="1" ) LIMIT 1   [ RunTime:0.000146s ]
SQL: SELECT `realname` FROM `wzd_user` WHERE ( id=1 ) LIMIT 1   [ RunTime:0.000140s ]

[ 2014-05-18T16:54:03+08:00 ] 127.0.0.1 /wzd/index.php/answers/followlist
INFO: [ app_begin ] --START--
INFO: ReadHtmlCache Behavior ::run [ RunTime:0.000545s ]
INFO: [ app_begin ] --END-- [ RunTime:0.000606s ]
SQL: SHOW COLUMNS FROM `wzd_follows` [ RunTime:0.003501s ]
SQL: SELECT * FROM `wzd_follows` WHERE ( answer_id="13" )  [ RunTime:0.000364s ]
SQL: SHOW COLUMNS FROM `wzd_user` [ RunTime:0.004018s ]
SQL: SELECT `realname` FROM `wzd_user` WHERE ( id=1 ) LIMIT 1   [ RunTime:0.000750s ]
SQL: SELECT `uid` FROM `wzd_follows` WHERE ( id="0" ) LIMIT 1   [ RunTime:0.000191s ]
SQL: SELECT `realname` FROM `wzd_user` WHERE ( id= ) LIMIT 1   [ RunTime:0.000134s ]
ERR: 1064:You have an error in your SQL syntax; check the manual that corresponds to your MySQL server version for the right syntax to use near ') LIMIT 1' at line 1
 [ SQL语句 ] : SELECT `realname` FROM `wzd_user` WHERE ( id= ) LIMIT 1  
SQL: SELECT `realname` FROM `wzd_user` WHERE ( id=1 ) LIMIT 1   [ RunTime:0.000174s ]
SQL: SELECT `uid` FROM `wzd_follows` WHERE ( id="0" ) LIMIT 1   [ RunTime:0.000164s ]
SQL: SELECT `realname` FROM `wzd_user` WHERE ( id= ) LIMIT 1   [ RunTime:0.000116s ]
ERR: 1064:You have an error in your SQL syntax; check the manual that corresponds to your MySQL server version for the right syntax to use near ') LIMIT 1' at line 1
 [ SQL语句 ] : SELECT `realname` FROM `wzd_user` WHERE ( id= ) LIMIT 1  
SQL: SELECT `realname` FROM `wzd_user` WHERE ( id=1 ) LIMIT 1   [ RunTime:0.000180s ]
SQL: SELECT `uid` FROM `wzd_follows` WHERE ( id="1" ) LIMIT 1   [ RunTime:0.000164s ]
SQL: SELECT `realname` FROM `wzd_user` WHERE ( id=1 ) LIMIT 1   [ RunTime:0.000176s ]
SQL: SELECT `realname` FROM `wzd_user` WHERE ( id=1 ) LIMIT 1   [ RunTime:0.000173s ]
SQL: SELECT `uid` FROM `wzd_follows` WHERE ( id="1" ) LIMIT 1   [ RunTime:0.000163s ]
SQL: SELECT `realname` FROM `wzd_user` WHERE ( id=1 ) LIMIT 1   [ RunTime:0.000155s ]

[ 2014-05-18T16:54:40+08:00 ] 127.0.0.1 /wzd/index.php/answers/followlist
INFO: [ app_begin ] --START--
INFO: ReadHtmlCache Behavior ::run [ RunTime:0.000521s ]
INFO: [ app_begin ] --END-- [ RunTime:0.000592s ]
SQL: SHOW COLUMNS FROM `wzd_follows` [ RunTime:0.003186s ]
SQL: SELECT * FROM `wzd_follows` WHERE ( answer_id="13" )  [ RunTime:0.000287s ]
SQL: SHOW COLUMNS FROM `wzd_user` [ RunTime:0.003653s ]
SQL: SELECT `realname` FROM `wzd_user` WHERE ( id=1 ) LIMIT 1   [ RunTime:0.000934s ]
SQL: SELECT `uid` FROM `wzd_follows` WHERE ( id="0" ) LIMIT 1   [ RunTime:0.000319s ]
SQL: SELECT `realname` FROM `wzd_user` WHERE ( id= ) LIMIT 1   [ RunTime:0.000105s ]
ERR: 1064:You have an error in your SQL syntax; check the manual that corresponds to your MySQL server version for the right syntax to use near ') LIMIT 1' at line 1
 [ SQL语句 ] : SELECT `realname` FROM `wzd_user` WHERE ( id= ) LIMIT 1  
SQL: SELECT `realname` FROM `wzd_user` WHERE ( id=1 ) LIMIT 1   [ RunTime:0.000151s ]
SQL: SELECT `uid` FROM `wzd_follows` WHERE ( id="0" ) LIMIT 1   [ RunTime:0.000125s ]
SQL: SELECT `realname` FROM `wzd_user` WHERE ( id= ) LIMIT 1   [ RunTime:0.000084s ]
ERR: 1064:You have an error in your SQL syntax; check the manual that corresponds to your MySQL server version for the right syntax to use near ') LIMIT 1' at line 1
 [ SQL语句 ] : SELECT `realname` FROM `wzd_user` WHERE ( id= ) LIMIT 1  
SQL: SELECT `realname` FROM `wzd_user` WHERE ( id=1 ) LIMIT 1   [ RunTime:0.000126s ]
SQL: SELECT `uid` FROM `wzd_follows` WHERE ( id="1" ) LIMIT 1   [ RunTime:0.000123s ]
SQL: SELECT `realname` FROM `wzd_user` WHERE ( id=1 ) LIMIT 1   [ RunTime:0.000134s ]
SQL: SELECT `realname` FROM `wzd_user` WHERE ( id=1 ) LIMIT 1   [ RunTime:0.000127s ]
SQL: SELECT `uid` FROM `wzd_follows` WHERE ( id="1" ) LIMIT 1   [ RunTime:0.000194s ]
SQL: SELECT `realname` FROM `wzd_user` WHERE ( id=1 ) LIMIT 1   [ RunTime:0.000156s ]

[ 2014-05-18T16:59:17+08:00 ] 127.0.0.1 /wzd/index.php/answers/followlist
INFO: [ app_begin ] --START--
INFO: ReadHtmlCache Behavior ::run [ RunTime:0.000560s ]
INFO: [ app_begin ] --END-- [ RunTime:0.000628s ]
SQL: SHOW COLUMNS FROM `wzd_follows` [ RunTime:0.003293s ]
SQL: SELECT * FROM `wzd_follows` WHERE ( answer_id="13" )  [ RunTime:0.000366s ]
SQL: SHOW COLUMNS FROM `wzd_user` [ RunTime:0.003652s ]
SQL: SELECT `realname` FROM `wzd_user` WHERE ( id=1 ) LIMIT 1   [ RunTime:0.000323s ]
SQL: SELECT `uid` FROM `wzd_follows` WHERE ( id="0" ) LIMIT 1   [ RunTime:0.000174s ]
SQL: SELECT `realname` FROM `wzd_user` WHERE ( id= ) LIMIT 1   [ RunTime:0.000106s ]
ERR: 1064:You have an error in your SQL syntax; check the manual that corresponds to your MySQL server version for the right syntax to use near ') LIMIT 1' at line 1
 [ SQL语句 ] : SELECT `realname` FROM `wzd_user` WHERE ( id= ) LIMIT 1  
SQL: SELECT `realname` FROM `wzd_user` WHERE ( id=1 ) LIMIT 1   [ RunTime:0.000143s ]
SQL: SELECT `uid` FROM `wzd_follows` WHERE ( id="0" ) LIMIT 1   [ RunTime:0.000129s ]
SQL: SELECT `realname` FROM `wzd_user` WHERE ( id= ) LIMIT 1   [ RunTime:0.000089s ]
ERR: 1064:You have an error in your SQL syntax; check the manual that corresponds to your MySQL server version for the right syntax to use near ') LIMIT 1' at line 1
 [ SQL语句 ] : SELECT `realname` FROM `wzd_user` WHERE ( id= ) LIMIT 1  
SQL: SELECT `realname` FROM `wzd_user` WHERE ( id=1 ) LIMIT 1   [ RunTime:0.000136s ]
SQL: SELECT `uid` FROM `wzd_follows` WHERE ( id="1" ) LIMIT 1   [ RunTime:0.000126s ]
SQL: SELECT `realname` FROM `wzd_user` WHERE ( id=1 ) LIMIT 1   [ RunTime:0.000115s ]
SQL: SELECT `realname` FROM `wzd_user` WHERE ( id=1 ) LIMIT 1   [ RunTime:0.000124s ]
SQL: SELECT `uid` FROM `wzd_follows` WHERE ( id="1" ) LIMIT 1   [ RunTime:0.000121s ]
SQL: SELECT `realname` FROM `wzd_user` WHERE ( id=1 ) LIMIT 1   [ RunTime:0.000180s ]

[ 2014-05-18T17:00:45+08:00 ] 127.0.0.1 /wzd/index.php/answers/followlist
INFO: [ app_begin ] --START--
INFO: ReadHtmlCache Behavior ::run [ RunTime:0.000739s ]
INFO: [ app_begin ] --END-- [ RunTime:0.000818s ]
SQL: SHOW COLUMNS FROM `wzd_follows` [ RunTime:0.003110s ]
SQL: SELECT * FROM `wzd_follows` WHERE ( answer_id="14" )  [ RunTime:0.000731s ]
SQL: SHOW COLUMNS FROM `wzd_user` [ RunTime:0.004215s ]
NOTIC: [2] Invalid argument supplied for foreach() E:\lamp\apache\htdocs\wzd\Wzd\Lib\Action\AnswersAction.class.php 第 52 行.

[ 2014-05-18T17:00:47+08:00 ] 127.0.0.1 /wzd/index.php/answers/followadd
INFO: [ app_begin ] --START--
INFO: ReadHtmlCache Behavior ::run [ RunTime:0.000598s ]
INFO: [ app_begin ] --END-- [ RunTime:0.000673s ]
NOTIC: [8] date_default_timezone_set() [<a href='function.date-default-timezone-set'>function.date-default-timezone-set</a>]: Timezone ID 'RPC' is invalid E:\lamp\apache\htdocs\wzd\Wzd\Lib\Action\CommonAction.class.php 第 78 行.
SQL: SHOW COLUMNS FROM `wzd_follows` [ RunTime:0.003331s ]
SQL: INSERT INTO `wzd_follows` (`answer_id`,`pid`,`content`,`uid`,`createtime`) VALUES (14,0,'ewwe',1,'2014-05-18 17:00:47') [ RunTime:0.003555s ]

[ 2014-05-18T17:00:51+08:00 ] 127.0.0.1 /wzd/index.php/answers/followlist
INFO: [ app_begin ] --START--
INFO: ReadHtmlCache Behavior ::run [ RunTime:0.000592s ]
INFO: [ app_begin ] --END-- [ RunTime:0.000664s ]
SQL: SHOW COLUMNS FROM `wzd_follows` [ RunTime:0.003125s ]
SQL: SELECT * FROM `wzd_follows` WHERE ( answer_id="14" )  [ RunTime:0.001247s ]
SQL: SHOW COLUMNS FROM `wzd_user` [ RunTime:0.003425s ]
SQL: SELECT `realname` FROM `wzd_user` WHERE ( id=1 ) LIMIT 1   [ RunTime:0.000249s ]
SQL: SELECT `uid` FROM `wzd_follows` WHERE ( id="0" ) LIMIT 1   [ RunTime:0.000144s ]
SQL: SELECT `realname` FROM `wzd_user` WHERE ( id= ) LIMIT 1   [ RunTime:0.000092s ]
ERR: 1064:You have an error in your SQL syntax; check the manual that corresponds to your MySQL server version for the right syntax to use near ') LIMIT 1' at line 1
 [ SQL语句 ] : SELECT `realname` FROM `wzd_user` WHERE ( id= ) LIMIT 1  

